{"/Users/LukaBontempi/bootcamp/collab/skylab-bootcamp-201909/staff/luka-bontempi/affinity/affinity-api/logic/aprove-candidate/index.spec.js":{"path":"/Users/LukaBontempi/bootcamp/collab/skylab-bootcamp-201909/staff/luka-bontempi/affinity/affinity-api/logic/aprove-candidate/index.spec.js","statementMap":{"0":{"start":{"line":1,"column":0},"end":{"line":1,"column":26}},"1":{"start":{"line":2,"column":33},"end":{"line":2,"column":40}},"2":{"start":{"line":3,"column":19},"end":{"line":3,"column":34}},"3":{"start":{"line":4,"column":19},"end":{"line":4,"column":23}},"4":{"start":{"line":5,"column":24},"end":{"line":5,"column":36}},"5":{"start":{"line":6,"column":38},"end":{"line":6,"column":62}},"6":{"start":{"line":7,"column":39},"end":{"line":7,"column":63}},"7":{"start":{"line":9,"column":0},"end":{"line":82,"column":2}},"8":{"start":{"line":10,"column":4},"end":{"line":10,"column":47}},"9":{"start":{"line":10,"column":17},"end":{"line":10,"column":46}},"10":{"start":{"line":15,"column":4},"end":{"line":51,"column":6}},"11":{"start":{"line":16,"column":8},"end":{"line":16,"column":33}},"12":{"start":{"line":17,"column":8},"end":{"line":17,"column":39}},"13":{"start":{"line":18,"column":8},"end":{"line":18,"column":44}},"14":{"start":{"line":19,"column":8},"end":{"line":19,"column":41}},"15":{"start":{"line":20,"column":8},"end":{"line":20,"column":41}},"16":{"start":{"line":21,"column":8},"end":{"line":21,"column":41}},"17":{"start":{"line":22,"column":8},"end":{"line":22,"column":119}},"18":{"start":{"line":23,"column":8},"end":{"line":23,"column":47}},"19":{"start":{"line":24,"column":8},"end":{"line":24,"column":28}},"20":{"start":{"line":25,"column":8},"end":{"line":25,"column":21}},"21":{"start":{"line":26,"column":8},"end":{"line":26,"column":20}},"22":{"start":{"line":27,"column":8},"end":{"line":27,"column":24}},"23":{"start":{"line":29,"column":8},"end":{"line":29,"column":34}},"24":{"start":{"line":30,"column":8},"end":{"line":30,"column":39}},"25":{"start":{"line":31,"column":8},"end":{"line":31,"column":45}},"26":{"start":{"line":32,"column":8},"end":{"line":32,"column":42}},"27":{"start":{"line":33,"column":8},"end":{"line":33,"column":42}},"28":{"start":{"line":34,"column":8},"end":{"line":34,"column":42}},"29":{"start":{"line":35,"column":8},"end":{"line":35,"column":120}},"30":{"start":{"line":36,"column":8},"end":{"line":36,"column":48}},"31":{"start":{"line":37,"column":8},"end":{"line":37,"column":29}},"32":{"start":{"line":38,"column":8},"end":{"line":38,"column":22}},"33":{"start":{"line":39,"column":8},"end":{"line":39,"column":21}},"34":{"start":{"line":40,"column":8},"end":{"line":40,"column":25}},"35":{"start":{"line":42,"column":8},"end":{"line":42,"column":31}},"36":{"start":{"line":44,"column":21},"end":{"line":44,"column":162}},"37":{"start":{"line":46,"column":22},"end":{"line":46,"column":293}},"38":{"start":{"line":48,"column":8},"end":{"line":48,"column":20}},"39":{"start":{"line":49,"column":8},"end":{"line":49,"column":22}},"40":{"start":{"line":53,"column":4},"end":{"line":63,"column":6}},"41":{"start":{"line":54,"column":8},"end":{"line":54,"column":16}},"42":{"start":{"line":56,"column":8},"end":{"line":56,"column":44}},"43":{"start":{"line":58,"column":8},"end":{"line":58,"column":29}},"44":{"start":{"line":59,"column":8},"end":{"line":59,"column":46}},"45":{"start":{"line":60,"column":8},"end":{"line":60,"column":49}},"46":{"start":{"line":61,"column":8},"end":{"line":61,"column":40}},"47":{"start":{"line":62,"column":8},"end":{"line":62,"column":57}},"48":{"start":{"line":81,"column":4},"end":{"line":81,"column":60}},"49":{"start":{"line":81,"column":16},"end":{"line":81,"column":59}}},"fnMap":{"0":{"name":"(anonymous_0)","decl":{"start":{"line":9,"column":37},"end":{"line":9,"column":38}},"loc":{"start":{"line":9,"column":43},"end":{"line":82,"column":1}},"line":9},"1":{"name":"(anonymous_1)","decl":{"start":{"line":10,"column":11},"end":{"line":10,"column":12}},"loc":{"start":{"line":10,"column":17},"end":{"line":10,"column":46}},"line":10},"2":{"name":"(anonymous_2)","decl":{"start":{"line":15,"column":16},"end":{"line":15,"column":17}},"loc":{"start":{"line":15,"column":27},"end":{"line":51,"column":5}},"line":15},"3":{"name":"(anonymous_3)","decl":{"start":{"line":53,"column":44},"end":{"line":53,"column":45}},"loc":{"start":{"line":53,"column":56},"end":{"line":63,"column":5}},"line":53},"4":{"name":"(anonymous_4)","decl":{"start":{"line":81,"column":10},"end":{"line":81,"column":11}},"loc":{"start":{"line":81,"column":16},"end":{"line":81,"column":59}},"line":81}},"branchMap":{},"s":{"0":1,"1":1,"2":1,"3":1,"4":1,"5":1,"6":1,"7":1,"8":1,"9":1,"10":1,"11":1,"12":1,"13":1,"14":1,"15":1,"16":1,"17":1,"18":1,"19":1,"20":1,"21":1,"22":1,"23":1,"24":1,"25":1,"26":1,"27":1,"28":1,"29":1,"30":1,"31":1,"32":1,"33":1,"34":1,"35":1,"36":1,"37":1,"38":1,"39":1,"40":1,"41":1,"42":1,"43":1,"44":1,"45":1,"46":1,"47":1,"48":1,"49":1},"f":{"0":1,"1":1,"2":1,"3":1,"4":1},"b":{},"_coverageSchema":"43e27e138ebf9cfc5966b082cf9a028302ed4184","hash":"3eb1a23144cf3efef262ea042b977c75210f606b","contentHash":"9aa323818379c22864f0ca0c37955740bdcc13e17a332b8e9128499397b2460a"},"/Users/LukaBontempi/bootcamp/collab/skylab-bootcamp-201909/staff/luka-bontempi/affinity/affinity-api/logic/aprove-candidate/index.js":{"path":"/Users/LukaBontempi/bootcamp/collab/skylab-bootcamp-201909/staff/luka-bontempi/affinity/affinity-api/logic/aprove-candidate/index.js","statementMap":{"0":{"start":{"line":1,"column":62},"end":{"line":1,"column":86}},"1":{"start":{"line":2,"column":39},"end":{"line":2,"column":63}},"2":{"start":{"line":4,"column":0},"end":{"line":26,"column":1}},"3":{"start":{"line":5,"column":4},"end":{"line":5,"column":24}},"4":{"start":{"line":6,"column":4},"end":{"line":6,"column":39}},"5":{"start":{"line":7,"column":4},"end":{"line":7,"column":82}},"6":{"start":{"line":7,"column":32},"end":{"line":7,"column":82}},"7":{"start":{"line":8,"column":4},"end":{"line":8,"column":24}},"8":{"start":{"line":9,"column":4},"end":{"line":9,"column":39}},"9":{"start":{"line":10,"column":4},"end":{"line":10,"column":82}},"10":{"start":{"line":10,"column":32},"end":{"line":10,"column":82}},"11":{"start":{"line":12,"column":4},"end":{"line":25,"column":8}},"12":{"start":{"line":13,"column":21},"end":{"line":13,"column":45}},"13":{"start":{"line":14,"column":33},"end":{"line":14,"column":57}},"14":{"start":{"line":16,"column":8},"end":{"line":16,"column":74}},"15":{"start":{"line":16,"column":19},"end":{"line":16,"column":74}},"16":{"start":{"line":17,"column":8},"end":{"line":17,"column":86}},"17":{"start":{"line":17,"column":31},"end":{"line":17,"column":86}},"18":{"start":{"line":19,"column":8},"end":{"line":19,"column":30}},"19":{"start":{"line":20,"column":8},"end":{"line":20,"column":34}},"20":{"start":{"line":23,"column":8},"end":{"line":23,"column":25}},"21":{"start":{"line":24,"column":8},"end":{"line":24,"column":19}}},"fnMap":{"0":{"name":"(anonymous_0)","decl":{"start":{"line":4,"column":17},"end":{"line":4,"column":18}},"loc":{"start":{"line":4,"column":37},"end":{"line":26,"column":1}},"line":4},"1":{"name":"(anonymous_1)","decl":{"start":{"line":12,"column":12},"end":{"line":12,"column":13}},"loc":{"start":{"line":12,"column":24},"end":{"line":25,"column":5}},"line":12}},"branchMap":{"0":{"loc":{"start":{"line":7,"column":4},"end":{"line":7,"column":82}},"type":"if","locations":[{"start":{"line":7,"column":4},"end":{"line":7,"column":82}},{"start":{"line":7,"column":4},"end":{"line":7,"column":82}}],"line":7},"1":{"loc":{"start":{"line":10,"column":4},"end":{"line":10,"column":82}},"type":"if","locations":[{"start":{"line":10,"column":4},"end":{"line":10,"column":82}},{"start":{"line":10,"column":4},"end":{"line":10,"column":82}}],"line":10},"2":{"loc":{"start":{"line":16,"column":8},"end":{"line":16,"column":74}},"type":"if","locations":[{"start":{"line":16,"column":8},"end":{"line":16,"column":74}},{"start":{"line":16,"column":8},"end":{"line":16,"column":74}}],"line":16},"3":{"loc":{"start":{"line":17,"column":8},"end":{"line":17,"column":86}},"type":"if","locations":[{"start":{"line":17,"column":8},"end":{"line":17,"column":86}},{"start":{"line":17,"column":8},"end":{"line":17,"column":86}}],"line":17}},"s":{"0":1,"1":1,"2":1,"3":1,"4":1,"5":1,"6":0,"7":1,"8":1,"9":1,"10":0,"11":1,"12":1,"13":1,"14":1,"15":0,"16":1,"17":0,"18":1,"19":1,"20":1,"21":1},"f":{"0":1,"1":1},"b":{"0":[0,1],"1":[0,1],"2":[0,1],"3":[0,1]},"_coverageSchema":"43e27e138ebf9cfc5966b082cf9a028302ed4184","hash":"22b5d9d358bc318d1ea0915f76ab0e55c8c89fe4","contentHash":"54bdbd7aa382906711561bf5cd7a731e85c0e9dce79f324155ae294fd20c5451"},"/Users/LukaBontempi/bootcamp/collab/skylab-bootcamp-201909/staff/luka-bontempi/affinity/affinity-api/logic/authenticate-user/index.spec.js":{"path":"/Users/LukaBontempi/bootcamp/collab/skylab-bootcamp-201909/staff/luka-bontempi/affinity/affinity-api/logic/authenticate-user/index.spec.js","statementMap":{"0":{"start":{"line":1,"column":0},"end":{"line":1,"column":26}},"1":{"start":{"line":2,"column":33},"end":{"line":2,"column":40}},"2":{"start":{"line":3,"column":19},"end":{"line":3,"column":34}},"3":{"start":{"line":4,"column":25},"end":{"line":4,"column":37}},"4":{"start":{"line":5,"column":19},"end":{"line":5,"column":23}},"5":{"start":{"line":6,"column":55},"end":{"line":6,"column":79}},"6":{"start":{"line":7,"column":39},"end":{"line":7,"column":63}},"7":{"start":{"line":8,"column":15},"end":{"line":8,"column":34}},"8":{"start":{"line":10,"column":0},"end":{"line":102,"column":2}},"9":{"start":{"line":11,"column":4},"end":{"line":11,"column":47}},"10":{"start":{"line":11,"column":17},"end":{"line":11,"column":46}},"11":{"start":{"line":15,"column":4},"end":{"line":30,"column":6}},"12":{"start":{"line":16,"column":8},"end":{"line":16,"column":33}},"13":{"start":{"line":17,"column":8},"end":{"line":17,"column":39}},"14":{"start":{"line":18,"column":8},"end":{"line":18,"column":44}},"15":{"start":{"line":19,"column":8},"end":{"line":19,"column":41}},"16":{"start":{"line":20,"column":8},"end":{"line":20,"column":41}},"17":{"start":{"line":21,"column":8},"end":{"line":21,"column":46}},"18":{"start":{"line":22,"column":8},"end":{"line":22,"column":41}},"19":{"start":{"line":23,"column":8},"end":{"line":23,"column":28}},"20":{"start":{"line":25,"column":8},"end":{"line":25,"column":31}},"21":{"start":{"line":27,"column":21},"end":{"line":27,"column":111}},"22":{"start":{"line":29,"column":8},"end":{"line":29,"column":20}},"23":{"start":{"line":32,"column":4},"end":{"line":41,"column":6}},"24":{"start":{"line":33,"column":8},"end":{"line":33,"column":16}},"25":{"start":{"line":34,"column":23},"end":{"line":34,"column":65}},"26":{"start":{"line":35,"column":8},"end":{"line":35,"column":16}},"27":{"start":{"line":36,"column":8},"end":{"line":36,"column":31}},"28":{"start":{"line":37,"column":8},"end":{"line":37,"column":48}},"29":{"start":{"line":38,"column":8},"end":{"line":38,"column":50}},"30":{"start":{"line":40,"column":8},"end":{"line":40,"column":35}},"31":{"start":{"line":43,"column":4},"end":{"line":75,"column":6}},"32":{"start":{"line":44,"column":8},"end":{"line":58,"column":10}},"33":{"start":{"line":45,"column":29},"end":{"line":45,"column":36}},"34":{"start":{"line":47,"column":12},"end":{"line":57,"column":13}},"35":{"start":{"line":48,"column":16},"end":{"line":48,"column":58}},"36":{"start":{"line":50,"column":16},"end":{"line":50,"column":62}},"37":{"start":{"line":52,"column":16},"end":{"line":52,"column":38}},"38":{"start":{"line":53,"column":16},"end":{"line":53,"column":67}},"39":{"start":{"line":55,"column":36},"end":{"line":55,"column":41}},"40":{"start":{"line":56,"column":16},"end":{"line":56,"column":61}},"41":{"start":{"line":60,"column":8},"end":{"line":74,"column":10}},"42":{"start":{"line":61,"column":29},"end":{"line":61,"column":36}},"43":{"start":{"line":63,"column":12},"end":{"line":73,"column":13}},"44":{"start":{"line":64,"column":16},"end":{"line":64,"column":58}},"45":{"start":{"line":66,"column":16},"end":{"line":66,"column":62}},"46":{"start":{"line":68,"column":16},"end":{"line":68,"column":38}},"47":{"start":{"line":69,"column":16},"end":{"line":69,"column":67}},"48":{"start":{"line":71,"column":36},"end":{"line":71,"column":41}},"49":{"start":{"line":72,"column":16},"end":{"line":72,"column":61}},"50":{"start":{"line":77,"column":4},"end":{"line":97,"column":6}},"51":{"start":{"line":78,"column":8},"end":{"line":78,"column":82}},"52":{"start":{"line":78,"column":21},"end":{"line":78,"column":40}},"53":{"start":{"line":79,"column":8},"end":{"line":79,"column":88}},"54":{"start":{"line":79,"column":21},"end":{"line":79,"column":43}},"55":{"start":{"line":80,"column":8},"end":{"line":80,"column":82}},"56":{"start":{"line":80,"column":21},"end":{"line":80,"column":41}},"57":{"start":{"line":81,"column":8},"end":{"line":81,"column":97}},"58":{"start":{"line":81,"column":21},"end":{"line":81,"column":41}},"59":{"start":{"line":82,"column":8},"end":{"line":82,"column":98}},"60":{"start":{"line":82,"column":21},"end":{"line":82,"column":48}},"61":{"start":{"line":83,"column":8},"end":{"line":83,"column":88}},"62":{"start":{"line":83,"column":21},"end":{"line":83,"column":43}},"63":{"start":{"line":85,"column":8},"end":{"line":85,"column":95}},"64":{"start":{"line":85,"column":21},"end":{"line":85,"column":41}},"65":{"start":{"line":86,"column":8},"end":{"line":86,"column":100}},"66":{"start":{"line":86,"column":21},"end":{"line":86,"column":46}},"67":{"start":{"line":88,"column":8},"end":{"line":88,"column":89}},"68":{"start":{"line":88,"column":21},"end":{"line":88,"column":47}},"69":{"start":{"line":89,"column":8},"end":{"line":89,"column":95}},"70":{"start":{"line":89,"column":21},"end":{"line":89,"column":50}},"71":{"start":{"line":90,"column":8},"end":{"line":90,"column":89}},"72":{"start":{"line":90,"column":21},"end":{"line":90,"column":48}},"73":{"start":{"line":91,"column":8},"end":{"line":91,"column":104}},"74":{"start":{"line":91,"column":21},"end":{"line":91,"column":48}},"75":{"start":{"line":92,"column":8},"end":{"line":92,"column":105}},"76":{"start":{"line":92,"column":21},"end":{"line":92,"column":55}},"77":{"start":{"line":93,"column":8},"end":{"line":93,"column":95}},"78":{"start":{"line":93,"column":21},"end":{"line":93,"column":50}},"79":{"start":{"line":95,"column":8},"end":{"line":95,"column":102}},"80":{"start":{"line":95,"column":21},"end":{"line":95,"column":48}},"81":{"start":{"line":96,"column":8},"end":{"line":96,"column":107}},"82":{"start":{"line":96,"column":21},"end":{"line":96,"column":53}},"83":{"start":{"line":101,"column":4},"end":{"line":101,"column":60}},"84":{"start":{"line":101,"column":16},"end":{"line":101,"column":59}}},"fnMap":{"0":{"name":"(anonymous_0)","decl":{"start":{"line":10,"column":38},"end":{"line":10,"column":39}},"loc":{"start":{"line":10,"column":44},"end":{"line":102,"column":1}},"line":10},"1":{"name":"(anonymous_1)","decl":{"start":{"line":11,"column":11},"end":{"line":11,"column":12}},"loc":{"start":{"line":11,"column":17},"end":{"line":11,"column":46}},"line":11},"2":{"name":"(anonymous_2)","decl":{"start":{"line":15,"column":16},"end":{"line":15,"column":17}},"loc":{"start":{"line":15,"column":27},"end":{"line":30,"column":5}},"line":15},"3":{"name":"(anonymous_3)","decl":{"start":{"line":32,"column":48},"end":{"line":32,"column":49}},"loc":{"start":{"line":32,"column":60},"end":{"line":41,"column":5}},"line":32},"4":{"name":"(anonymous_4)","decl":{"start":{"line":43,"column":39},"end":{"line":43,"column":40}},"loc":{"start":{"line":43,"column":45},"end":{"line":75,"column":5}},"line":43},"5":{"name":"(anonymous_5)","decl":{"start":{"line":44,"column":44},"end":{"line":44,"column":45}},"loc":{"start":{"line":44,"column":56},"end":{"line":58,"column":9}},"line":44},"6":{"name":"(anonymous_6)","decl":{"start":{"line":60,"column":44},"end":{"line":60,"column":45}},"loc":{"start":{"line":60,"column":56},"end":{"line":74,"column":9}},"line":60},"7":{"name":"(anonymous_7)","decl":{"start":{"line":77,"column":98},"end":{"line":77,"column":99}},"loc":{"start":{"line":77,"column":104},"end":{"line":97,"column":5}},"line":77},"8":{"name":"(anonymous_8)","decl":{"start":{"line":78,"column":15},"end":{"line":78,"column":16}},"loc":{"start":{"line":78,"column":21},"end":{"line":78,"column":40}},"line":78},"9":{"name":"(anonymous_9)","decl":{"start":{"line":79,"column":15},"end":{"line":79,"column":16}},"loc":{"start":{"line":79,"column":21},"end":{"line":79,"column":43}},"line":79},"10":{"name":"(anonymous_10)","decl":{"start":{"line":80,"column":15},"end":{"line":80,"column":16}},"loc":{"start":{"line":80,"column":21},"end":{"line":80,"column":41}},"line":80},"11":{"name":"(anonymous_11)","decl":{"start":{"line":81,"column":15},"end":{"line":81,"column":16}},"loc":{"start":{"line":81,"column":21},"end":{"line":81,"column":41}},"line":81},"12":{"name":"(anonymous_12)","decl":{"start":{"line":82,"column":15},"end":{"line":82,"column":16}},"loc":{"start":{"line":82,"column":21},"end":{"line":82,"column":48}},"line":82},"13":{"name":"(anonymous_13)","decl":{"start":{"line":83,"column":15},"end":{"line":83,"column":16}},"loc":{"start":{"line":83,"column":21},"end":{"line":83,"column":43}},"line":83},"14":{"name":"(anonymous_14)","decl":{"start":{"line":85,"column":15},"end":{"line":85,"column":16}},"loc":{"start":{"line":85,"column":21},"end":{"line":85,"column":41}},"line":85},"15":{"name":"(anonymous_15)","decl":{"start":{"line":86,"column":15},"end":{"line":86,"column":16}},"loc":{"start":{"line":86,"column":21},"end":{"line":86,"column":46}},"line":86},"16":{"name":"(anonymous_16)","decl":{"start":{"line":88,"column":15},"end":{"line":88,"column":16}},"loc":{"start":{"line":88,"column":21},"end":{"line":88,"column":47}},"line":88},"17":{"name":"(anonymous_17)","decl":{"start":{"line":89,"column":15},"end":{"line":89,"column":16}},"loc":{"start":{"line":89,"column":21},"end":{"line":89,"column":50}},"line":89},"18":{"name":"(anonymous_18)","decl":{"start":{"line":90,"column":15},"end":{"line":90,"column":16}},"loc":{"start":{"line":90,"column":21},"end":{"line":90,"column":48}},"line":90},"19":{"name":"(anonymous_19)","decl":{"start":{"line":91,"column":15},"end":{"line":91,"column":16}},"loc":{"start":{"line":91,"column":21},"end":{"line":91,"column":48}},"line":91},"20":{"name":"(anonymous_20)","decl":{"start":{"line":92,"column":15},"end":{"line":92,"column":16}},"loc":{"start":{"line":92,"column":21},"end":{"line":92,"column":55}},"line":92},"21":{"name":"(anonymous_21)","decl":{"start":{"line":93,"column":15},"end":{"line":93,"column":16}},"loc":{"start":{"line":93,"column":21},"end":{"line":93,"column":50}},"line":93},"22":{"name":"(anonymous_22)","decl":{"start":{"line":95,"column":15},"end":{"line":95,"column":16}},"loc":{"start":{"line":95,"column":21},"end":{"line":95,"column":48}},"line":95},"23":{"name":"(anonymous_23)","decl":{"start":{"line":96,"column":15},"end":{"line":96,"column":16}},"loc":{"start":{"line":96,"column":21},"end":{"line":96,"column":53}},"line":96},"24":{"name":"(anonymous_24)","decl":{"start":{"line":101,"column":10},"end":{"line":101,"column":11}},"loc":{"start":{"line":101,"column":16},"end":{"line":101,"column":59}},"line":101}},"branchMap":{},"s":{"0":1,"1":1,"2":1,"3":1,"4":1,"5":1,"6":1,"7":1,"8":1,"9":1,"10":1,"11":1,"12":4,"13":4,"14":4,"15":4,"16":4,"17":4,"18":4,"19":4,"20":4,"21":4,"22":4,"23":1,"24":1,"25":1,"26":1,"27":1,"28":1,"29":1,"30":1,"31":1,"32":1,"33":1,"34":1,"35":1,"36":0,"37":1,"38":1,"39":1,"40":1,"41":1,"42":1,"43":1,"44":1,"45":0,"46":1,"47":1,"48":1,"49":1,"50":1,"51":1,"52":1,"53":1,"54":1,"55":1,"56":1,"57":1,"58":1,"59":1,"60":1,"61":1,"62":1,"63":1,"64":1,"65":1,"66":1,"67":1,"68":1,"69":1,"70":1,"71":1,"72":1,"73":1,"74":1,"75":1,"76":1,"77":1,"78":1,"79":1,"80":1,"81":1,"82":1,"83":1,"84":1},"f":{"0":1,"1":1,"2":4,"3":1,"4":1,"5":1,"6":1,"7":1,"8":1,"9":1,"10":1,"11":1,"12":1,"13":1,"14":1,"15":1,"16":1,"17":1,"18":1,"19":1,"20":1,"21":1,"22":1,"23":1,"24":1},"b":{},"_coverageSchema":"43e27e138ebf9cfc5966b082cf9a028302ed4184","hash":"3236707d36426ee3a0c64a11461e111524fb0a64","contentHash":"125208c16488858aa8624eadac3e2c7eccd4f122d3c0b6710a380c8d6ae7e840"},"/Users/LukaBontempi/bootcamp/collab/skylab-bootcamp-201909/staff/luka-bontempi/affinity/affinity-api/logic/authenticate-user/index.js":{"path":"/Users/LukaBontempi/bootcamp/collab/skylab-bootcamp-201909/staff/luka-bontempi/affinity/affinity-api/logic/authenticate-user/index.js","statementMap":{"0":{"start":{"line":1,"column":51},"end":{"line":1,"column":75}},"1":{"start":{"line":2,"column":29},"end":{"line":2,"column":53}},"2":{"start":{"line":3,"column":15},"end":{"line":3,"column":34}},"3":{"start":{"line":5,"column":0},"end":{"line":23,"column":1}},"4":{"start":{"line":6,"column":4},"end":{"line":6,"column":29}},"5":{"start":{"line":7,"column":4},"end":{"line":7,"column":49}},"6":{"start":{"line":8,"column":4},"end":{"line":8,"column":29}},"7":{"start":{"line":9,"column":4},"end":{"line":9,"column":49}},"8":{"start":{"line":11,"column":4},"end":{"line":22,"column":8}},"9":{"start":{"line":12,"column":8},"end":{"line":12,"column":16}},"10":{"start":{"line":13,"column":21},"end":{"line":13,"column":53}},"11":{"start":{"line":15,"column":8},"end":{"line":15,"column":118}},"12":{"start":{"line":15,"column":71},"end":{"line":15,"column":118}},"13":{"start":{"line":17,"column":8},"end":{"line":17,"column":34}},"14":{"start":{"line":19,"column":8},"end":{"line":19,"column":25}},"15":{"start":{"line":21,"column":8},"end":{"line":21,"column":22}}},"fnMap":{"0":{"name":"(anonymous_0)","decl":{"start":{"line":5,"column":17},"end":{"line":5,"column":18}},"loc":{"start":{"line":5,"column":47},"end":{"line":23,"column":1}},"line":5},"1":{"name":"(anonymous_1)","decl":{"start":{"line":11,"column":12},"end":{"line":11,"column":13}},"loc":{"start":{"line":11,"column":24},"end":{"line":22,"column":5}},"line":11}},"branchMap":{"0":{"loc":{"start":{"line":15,"column":8},"end":{"line":15,"column":118}},"type":"if","locations":[{"start":{"line":15,"column":8},"end":{"line":15,"column":118}},{"start":{"line":15,"column":8},"end":{"line":15,"column":118}}],"line":15},"1":{"loc":{"start":{"line":15,"column":12},"end":{"line":15,"column":69}},"type":"binary-expr","locations":[{"start":{"line":15,"column":12},"end":{"line":15,"column":17}},{"start":{"line":15,"column":21},"end":{"line":15,"column":69}}],"line":15}},"s":{"0":1,"1":1,"2":1,"3":1,"4":19,"5":13,"6":11,"7":5,"8":3,"9":3,"10":3,"11":3,"12":2,"13":1,"14":1,"15":1},"f":{"0":19,"1":3},"b":{"0":[2,1],"1":[3,2]},"_coverageSchema":"43e27e138ebf9cfc5966b082cf9a028302ed4184","hash":"004af43ceea6c179364799d728ccbc8068b07b65","contentHash":"8af02e388e5164a6732a070e11f5ae4316f8d934f8257151adf69338245b9adc"},"/Users/LukaBontempi/bootcamp/collab/skylab-bootcamp-201909/staff/luka-bontempi/affinity/affinity-api/logic/check-connection/index.spec.js":{"path":"/Users/LukaBontempi/bootcamp/collab/skylab-bootcamp-201909/staff/luka-bontempi/affinity/affinity-api/logic/check-connection/index.spec.js","statementMap":{"0":{"start":{"line":1,"column":0},"end":{"line":1,"column":26}},"1":{"start":{"line":2,"column":33},"end":{"line":2,"column":40}},"2":{"start":{"line":3,"column":19},"end":{"line":3,"column":34}},"3":{"start":{"line":4,"column":19},"end":{"line":4,"column":23}},"4":{"start":{"line":5,"column":24},"end":{"line":5,"column":36}},"5":{"start":{"line":6,"column":38},"end":{"line":6,"column":62}},"6":{"start":{"line":7,"column":39},"end":{"line":7,"column":63}},"7":{"start":{"line":9,"column":0},"end":{"line":104,"column":2}},"8":{"start":{"line":10,"column":4},"end":{"line":10,"column":47}},"9":{"start":{"line":10,"column":17},"end":{"line":10,"column":46}},"10":{"start":{"line":15,"column":4},"end":{"line":68,"column":6}},"11":{"start":{"line":16,"column":8},"end":{"line":16,"column":33}},"12":{"start":{"line":17,"column":8},"end":{"line":17,"column":39}},"13":{"start":{"line":18,"column":8},"end":{"line":18,"column":44}},"14":{"start":{"line":19,"column":8},"end":{"line":19,"column":41}},"15":{"start":{"line":20,"column":8},"end":{"line":20,"column":41}},"16":{"start":{"line":21,"column":8},"end":{"line":21,"column":41}},"17":{"start":{"line":22,"column":8},"end":{"line":22,"column":130}},"18":{"start":{"line":23,"column":8},"end":{"line":23,"column":47}},"19":{"start":{"line":24,"column":8},"end":{"line":24,"column":28}},"20":{"start":{"line":25,"column":8},"end":{"line":25,"column":21}},"21":{"start":{"line":26,"column":8},"end":{"line":26,"column":20}},"22":{"start":{"line":27,"column":8},"end":{"line":27,"column":24}},"23":{"start":{"line":29,"column":8},"end":{"line":29,"column":34}},"24":{"start":{"line":30,"column":8},"end":{"line":30,"column":40}},"25":{"start":{"line":31,"column":8},"end":{"line":31,"column":45}},"26":{"start":{"line":32,"column":8},"end":{"line":32,"column":42}},"27":{"start":{"line":33,"column":8},"end":{"line":33,"column":42}},"28":{"start":{"line":34,"column":8},"end":{"line":34,"column":42}},"29":{"start":{"line":35,"column":8},"end":{"line":35,"column":131}},"30":{"start":{"line":36,"column":8},"end":{"line":36,"column":48}},"31":{"start":{"line":37,"column":8},"end":{"line":37,"column":29}},"32":{"start":{"line":38,"column":8},"end":{"line":38,"column":22}},"33":{"start":{"line":39,"column":8},"end":{"line":39,"column":21}},"34":{"start":{"line":40,"column":8},"end":{"line":40,"column":25}},"35":{"start":{"line":42,"column":8},"end":{"line":42,"column":34}},"36":{"start":{"line":43,"column":8},"end":{"line":43,"column":40}},"37":{"start":{"line":44,"column":8},"end":{"line":44,"column":45}},"38":{"start":{"line":45,"column":8},"end":{"line":45,"column":42}},"39":{"start":{"line":46,"column":8},"end":{"line":46,"column":42}},"40":{"start":{"line":47,"column":8},"end":{"line":47,"column":42}},"41":{"start":{"line":48,"column":8},"end":{"line":48,"column":131}},"42":{"start":{"line":49,"column":8},"end":{"line":49,"column":48}},"43":{"start":{"line":50,"column":8},"end":{"line":50,"column":29}},"44":{"start":{"line":51,"column":8},"end":{"line":51,"column":22}},"45":{"start":{"line":52,"column":8},"end":{"line":52,"column":21}},"46":{"start":{"line":53,"column":8},"end":{"line":53,"column":25}},"47":{"start":{"line":55,"column":8},"end":{"line":55,"column":31}},"48":{"start":{"line":57,"column":21},"end":{"line":57,"column":161}},"49":{"start":{"line":59,"column":22},"end":{"line":59,"column":293}},"50":{"start":{"line":61,"column":22},"end":{"line":61,"column":293}},"51":{"start":{"line":63,"column":8},"end":{"line":63,"column":20}},"52":{"start":{"line":64,"column":8},"end":{"line":64,"column":22}},"53":{"start":{"line":65,"column":8},"end":{"line":65,"column":22}},"54":{"start":{"line":66,"column":8},"end":{"line":66,"column":30}},"55":{"start":{"line":67,"column":8},"end":{"line":67,"column":26}},"56":{"start":{"line":70,"column":4},"end":{"line":86,"column":6}},"57":{"start":{"line":71,"column":8},"end":{"line":71,"column":16}},"58":{"start":{"line":73,"column":23},"end":{"line":73,"column":53}},"59":{"start":{"line":74,"column":20},"end":{"line":74,"column":43}},"60":{"start":{"line":75,"column":20},"end":{"line":75,"column":44}},"61":{"start":{"line":77,"column":8},"end":{"line":77,"column":40}},"62":{"start":{"line":78,"column":8},"end":{"line":78,"column":51}},"63":{"start":{"line":79,"column":8},"end":{"line":79,"column":51}},"64":{"start":{"line":80,"column":8},"end":{"line":80,"column":54}},"65":{"start":{"line":81,"column":8},"end":{"line":81,"column":53}},"66":{"start":{"line":82,"column":8},"end":{"line":82,"column":41}},"67":{"start":{"line":83,"column":8},"end":{"line":83,"column":58}},"68":{"start":{"line":84,"column":8},"end":{"line":84,"column":41}},"69":{"start":{"line":85,"column":8},"end":{"line":85,"column":58}},"70":{"start":{"line":88,"column":4},"end":{"line":99,"column":6}},"71":{"start":{"line":89,"column":23},"end":{"line":89,"column":53}},"72":{"start":{"line":90,"column":20},"end":{"line":90,"column":43}},"73":{"start":{"line":91,"column":20},"end":{"line":91,"column":44}},"74":{"start":{"line":93,"column":8},"end":{"line":93,"column":40}},"75":{"start":{"line":94,"column":8},"end":{"line":94,"column":51}},"76":{"start":{"line":95,"column":8},"end":{"line":95,"column":51}},"77":{"start":{"line":96,"column":8},"end":{"line":96,"column":51}},"78":{"start":{"line":97,"column":8},"end":{"line":97,"column":51}},"79":{"start":{"line":103,"column":4},"end":{"line":103,"column":60}},"80":{"start":{"line":103,"column":16},"end":{"line":103,"column":59}}},"fnMap":{"0":{"name":"(anonymous_0)","decl":{"start":{"line":9,"column":37},"end":{"line":9,"column":38}},"loc":{"start":{"line":9,"column":43},"end":{"line":104,"column":1}},"line":9},"1":{"name":"(anonymous_1)","decl":{"start":{"line":10,"column":11},"end":{"line":10,"column":12}},"loc":{"start":{"line":10,"column":17},"end":{"line":10,"column":46}},"line":10},"2":{"name":"(anonymous_2)","decl":{"start":{"line":15,"column":15},"end":{"line":15,"column":16}},"loc":{"start":{"line":15,"column":27},"end":{"line":68,"column":5}},"line":15},"3":{"name":"(anonymous_3)","decl":{"start":{"line":70,"column":44},"end":{"line":70,"column":45}},"loc":{"start":{"line":70,"column":56},"end":{"line":86,"column":5}},"line":70},"4":{"name":"(anonymous_4)","decl":{"start":{"line":88,"column":77},"end":{"line":88,"column":78}},"loc":{"start":{"line":88,"column":89},"end":{"line":99,"column":5}},"line":88},"5":{"name":"(anonymous_5)","decl":{"start":{"line":103,"column":10},"end":{"line":103,"column":11}},"loc":{"start":{"line":103,"column":16},"end":{"line":103,"column":59}},"line":103}},"branchMap":{},"s":{"0":1,"1":1,"2":1,"3":1,"4":1,"5":1,"6":1,"7":1,"8":1,"9":1,"10":1,"11":2,"12":2,"13":2,"14":2,"15":2,"16":2,"17":2,"18":2,"19":2,"20":2,"21":2,"22":2,"23":2,"24":2,"25":2,"26":2,"27":2,"28":2,"29":2,"30":2,"31":2,"32":2,"33":2,"34":2,"35":2,"36":2,"37":2,"38":2,"39":2,"40":2,"41":2,"42":2,"43":2,"44":2,"45":2,"46":2,"47":2,"48":2,"49":2,"50":2,"51":2,"52":2,"53":2,"54":2,"55":2,"56":1,"57":1,"58":1,"59":1,"60":1,"61":1,"62":1,"63":1,"64":1,"65":1,"66":1,"67":1,"68":1,"69":1,"70":1,"71":1,"72":1,"73":1,"74":1,"75":1,"76":1,"77":1,"78":1,"79":1,"80":1},"f":{"0":1,"1":1,"2":2,"3":1,"4":1,"5":1},"b":{},"_coverageSchema":"43e27e138ebf9cfc5966b082cf9a028302ed4184","hash":"59a4ce11a1c3d027cae5d1466d577e5880720bae","contentHash":"de110d1c0dab5379042922b235afb78822dce2e984039b519c191bddff627581"},"/Users/LukaBontempi/bootcamp/collab/skylab-bootcamp-201909/staff/luka-bontempi/affinity/affinity-api/logic/check-connection/index.js":{"path":"/Users/LukaBontempi/bootcamp/collab/skylab-bootcamp-201909/staff/luka-bontempi/affinity/affinity-api/logic/check-connection/index.js","statementMap":{"0":{"start":{"line":1,"column":62},"end":{"line":1,"column":86}},"1":{"start":{"line":2,"column":45},"end":{"line":2,"column":69}},"2":{"start":{"line":3,"column":19},"end":{"line":3,"column":44}},"3":{"start":{"line":5,"column":0},"end":{"line":32,"column":1}},"4":{"start":{"line":6,"column":4},"end":{"line":6,"column":24}},"5":{"start":{"line":7,"column":4},"end":{"line":7,"column":39}},"6":{"start":{"line":8,"column":4},"end":{"line":8,"column":82}},"7":{"start":{"line":8,"column":32},"end":{"line":8,"column":82}},"8":{"start":{"line":9,"column":4},"end":{"line":9,"column":24}},"9":{"start":{"line":10,"column":4},"end":{"line":10,"column":39}},"10":{"start":{"line":11,"column":4},"end":{"line":11,"column":82}},"11":{"start":{"line":11,"column":32},"end":{"line":11,"column":82}},"12":{"start":{"line":13,"column":4},"end":{"line":31,"column":8}},"13":{"start":{"line":14,"column":21},"end":{"line":14,"column":45}},"14":{"start":{"line":15,"column":35},"end":{"line":15,"column":59}},"15":{"start":{"line":17,"column":8},"end":{"line":17,"column":74}},"16":{"start":{"line":17,"column":19},"end":{"line":17,"column":74}},"17":{"start":{"line":18,"column":8},"end":{"line":18,"column":88}},"18":{"start":{"line":18,"column":33},"end":{"line":18,"column":88}},"19":{"start":{"line":19,"column":8},"end":{"line":28,"column":9}},"20":{"start":{"line":20,"column":12},"end":{"line":20,"column":38}},"21":{"start":{"line":21,"column":12},"end":{"line":21,"column":38}},"22":{"start":{"line":22,"column":12},"end":{"line":22,"column":52}},"23":{"start":{"line":23,"column":12},"end":{"line":23,"column":52}},"24":{"start":{"line":24,"column":12},"end":{"line":24,"column":38}},"25":{"start":{"line":26,"column":12},"end":{"line":26,"column":29}},"26":{"start":{"line":27,"column":12},"end":{"line":27,"column":43}}},"fnMap":{"0":{"name":"(anonymous_0)","decl":{"start":{"line":5,"column":17},"end":{"line":5,"column":18}},"loc":{"start":{"line":5,"column":36},"end":{"line":32,"column":1}},"line":5},"1":{"name":"(anonymous_1)","decl":{"start":{"line":13,"column":12},"end":{"line":13,"column":13}},"loc":{"start":{"line":13,"column":24},"end":{"line":31,"column":5}},"line":13}},"branchMap":{"0":{"loc":{"start":{"line":8,"column":4},"end":{"line":8,"column":82}},"type":"if","locations":[{"start":{"line":8,"column":4},"end":{"line":8,"column":82}},{"start":{"line":8,"column":4},"end":{"line":8,"column":82}}],"line":8},"1":{"loc":{"start":{"line":11,"column":4},"end":{"line":11,"column":82}},"type":"if","locations":[{"start":{"line":11,"column":4},"end":{"line":11,"column":82}},{"start":{"line":11,"column":4},"end":{"line":11,"column":82}}],"line":11},"2":{"loc":{"start":{"line":17,"column":8},"end":{"line":17,"column":74}},"type":"if","locations":[{"start":{"line":17,"column":8},"end":{"line":17,"column":74}},{"start":{"line":17,"column":8},"end":{"line":17,"column":74}}],"line":17},"3":{"loc":{"start":{"line":18,"column":8},"end":{"line":18,"column":88}},"type":"if","locations":[{"start":{"line":18,"column":8},"end":{"line":18,"column":88}},{"start":{"line":18,"column":8},"end":{"line":18,"column":88}}],"line":18},"4":{"loc":{"start":{"line":19,"column":8},"end":{"line":28,"column":9}},"type":"if","locations":[{"start":{"line":19,"column":8},"end":{"line":28,"column":9}},{"start":{"line":19,"column":8},"end":{"line":28,"column":9}}],"line":19}},"s":{"0":1,"1":1,"2":1,"3":1,"4":2,"5":2,"6":2,"7":0,"8":2,"9":2,"10":2,"11":0,"12":2,"13":2,"14":2,"15":2,"16":0,"17":2,"18":0,"19":2,"20":1,"21":1,"22":1,"23":1,"24":1,"25":1,"26":1},"f":{"0":2,"1":2},"b":{"0":[0,2],"1":[0,2],"2":[0,2],"3":[0,2],"4":[1,1]},"_coverageSchema":"43e27e138ebf9cfc5966b082cf9a028302ed4184","hash":"97dac67b4be3fb0017185f0aed9f6cc94a1c3717","contentHash":"2dd6c15532f32ab6fbe09031e2f7ea067ac8fb41c2a83523ef93638a89d8b9fa"},"/Users/LukaBontempi/bootcamp/collab/skylab-bootcamp-201909/staff/luka-bontempi/affinity/affinity-api/logic/create-chat/index.js":{"path":"/Users/LukaBontempi/bootcamp/collab/skylab-bootcamp-201909/staff/luka-bontempi/affinity/affinity-api/logic/create-chat/index.js","statementMap":{"0":{"start":{"line":1,"column":62},"end":{"line":1,"column":86}},"1":{"start":{"line":2,"column":45},"end":{"line":2,"column":69}},"2":{"start":{"line":5,"column":0},"end":{"line":37,"column":1}},"3":{"start":{"line":6,"column":4},"end":{"line":6,"column":28}},"4":{"start":{"line":7,"column":4},"end":{"line":7,"column":47}},"5":{"start":{"line":8,"column":4},"end":{"line":8,"column":90}},"6":{"start":{"line":8,"column":36},"end":{"line":8,"column":90}},"7":{"start":{"line":10,"column":4},"end":{"line":10,"column":28}},"8":{"start":{"line":11,"column":4},"end":{"line":11,"column":47}},"9":{"start":{"line":12,"column":4},"end":{"line":12,"column":90}},"10":{"start":{"line":12,"column":36},"end":{"line":12,"column":90}},"11":{"start":{"line":15,"column":4},"end":{"line":35,"column":8}},"12":{"start":{"line":16,"column":22},"end":{"line":16,"column":50}},"13":{"start":{"line":17,"column":8},"end":{"line":17,"column":80}},"14":{"start":{"line":17,"column":20},"end":{"line":17,"column":80}},"15":{"start":{"line":19,"column":22},"end":{"line":19,"column":50}},"16":{"start":{"line":20,"column":8},"end":{"line":20,"column":80}},"17":{"start":{"line":20,"column":20},"end":{"line":20,"column":80}},"18":{"start":{"line":22,"column":22},"end":{"line":27,"column":12}},"19":{"start":{"line":28,"column":10},"end":{"line":28,"column":18}},"20":{"start":{"line":30,"column":8},"end":{"line":30,"column":42}},"21":{"start":{"line":30,"column":19},"end":{"line":30,"column":42}},"22":{"start":{"line":32,"column":8},"end":{"line":32,"column":83}},"23":{"start":{"line":34,"column":8},"end":{"line":34,"column":22}}},"fnMap":{"0":{"name":"(anonymous_0)","decl":{"start":{"line":5,"column":17},"end":{"line":5,"column":18}},"loc":{"start":{"line":5,"column":44},"end":{"line":37,"column":1}},"line":5},"1":{"name":"(anonymous_1)","decl":{"start":{"line":15,"column":12},"end":{"line":15,"column":13}},"loc":{"start":{"line":15,"column":23},"end":{"line":35,"column":5}},"line":15}},"branchMap":{"0":{"loc":{"start":{"line":8,"column":4},"end":{"line":8,"column":90}},"type":"if","locations":[{"start":{"line":8,"column":4},"end":{"line":8,"column":90}},{"start":{"line":8,"column":4},"end":{"line":8,"column":90}}],"line":8},"1":{"loc":{"start":{"line":12,"column":4},"end":{"line":12,"column":90}},"type":"if","locations":[{"start":{"line":12,"column":4},"end":{"line":12,"column":90}},{"start":{"line":12,"column":4},"end":{"line":12,"column":90}}],"line":12},"2":{"loc":{"start":{"line":17,"column":8},"end":{"line":17,"column":80}},"type":"if","locations":[{"start":{"line":17,"column":8},"end":{"line":17,"column":80}},{"start":{"line":17,"column":8},"end":{"line":17,"column":80}}],"line":17},"3":{"loc":{"start":{"line":20,"column":8},"end":{"line":20,"column":80}},"type":"if","locations":[{"start":{"line":20,"column":8},"end":{"line":20,"column":80}},{"start":{"line":20,"column":8},"end":{"line":20,"column":80}}],"line":20},"4":{"loc":{"start":{"line":30,"column":8},"end":{"line":30,"column":42}},"type":"if","locations":[{"start":{"line":30,"column":8},"end":{"line":30,"column":42}},{"start":{"line":30,"column":8},"end":{"line":30,"column":42}}],"line":30}},"s":{"0":1,"1":1,"2":1,"3":22,"4":16,"5":14,"6":1,"7":13,"8":7,"9":5,"10":1,"11":4,"12":4,"13":4,"14":1,"15":3,"16":3,"17":1,"18":2,"19":2,"20":2,"21":0,"22":2,"23":2},"f":{"0":22,"1":4},"b":{"0":[1,13],"1":[1,4],"2":[1,3],"3":[1,2],"4":[0,2]},"_coverageSchema":"43e27e138ebf9cfc5966b082cf9a028302ed4184","hash":"04ea4fa38194c64bbde0570a28371d08aa6c5636","contentHash":"a87a04b0a70b1d1cd68caf71ab7469afc027894eed63a35886f4f41eb7f29b64"},"/Users/LukaBontempi/bootcamp/collab/skylab-bootcamp-201909/staff/luka-bontempi/affinity/affinity-api/logic/create-chat/index.spec.js":{"path":"/Users/LukaBontempi/bootcamp/collab/skylab-bootcamp-201909/staff/luka-bontempi/affinity/affinity-api/logic/create-chat/index.spec.js","statementMap":{"0":{"start":{"line":1,"column":0},"end":{"line":1,"column":26}},"1":{"start":{"line":2,"column":33},"end":{"line":2,"column":40}},"2":{"start":{"line":3,"column":19},"end":{"line":3,"column":34}},"3":{"start":{"line":4,"column":19},"end":{"line":4,"column":23}},"4":{"start":{"line":5,"column":19},"end":{"line":5,"column":31}},"5":{"start":{"line":6,"column":52},"end":{"line":6,"column":76}},"6":{"start":{"line":7,"column":55},"end":{"line":7,"column":79}},"7":{"start":{"line":9,"column":0},"end":{"line":111,"column":2}},"8":{"start":{"line":10,"column":4},"end":{"line":10,"column":47}},"9":{"start":{"line":10,"column":17},"end":{"line":10,"column":46}},"10":{"start":{"line":14,"column":4},"end":{"line":35,"column":6}},"11":{"start":{"line":15,"column":8},"end":{"line":15,"column":31}},"12":{"start":{"line":18,"column":8},"end":{"line":18,"column":33}},"13":{"start":{"line":19,"column":8},"end":{"line":19,"column":39}},"14":{"start":{"line":20,"column":8},"end":{"line":20,"column":44}},"15":{"start":{"line":21,"column":8},"end":{"line":21,"column":41}},"16":{"start":{"line":22,"column":8},"end":{"line":22,"column":42}},"17":{"start":{"line":23,"column":8},"end":{"line":23,"column":41}},"18":{"start":{"line":24,"column":8},"end":{"line":24,"column":41}},"19":{"start":{"line":25,"column":8},"end":{"line":25,"column":130}},"20":{"start":{"line":26,"column":8},"end":{"line":26,"column":47}},"21":{"start":{"line":27,"column":8},"end":{"line":27,"column":28}},"22":{"start":{"line":29,"column":22},"end":{"line":29,"column":129}},"23":{"start":{"line":30,"column":8},"end":{"line":30,"column":22}},"24":{"start":{"line":32,"column":22},"end":{"line":32,"column":141}},"25":{"start":{"line":33,"column":8},"end":{"line":33,"column":22}},"26":{"start":{"line":37,"column":4},"end":{"line":47,"column":6}},"27":{"start":{"line":38,"column":23},"end":{"line":38,"column":49}},"28":{"start":{"line":40,"column":8},"end":{"line":40,"column":31}},"29":{"start":{"line":41,"column":8},"end":{"line":41,"column":40}},"30":{"start":{"line":43,"column":21},"end":{"line":43,"column":48}},"31":{"start":{"line":45,"column":8},"end":{"line":45,"column":51}},"32":{"start":{"line":46,"column":8},"end":{"line":46,"column":51}},"33":{"start":{"line":49,"column":4},"end":{"line":61,"column":6}},"34":{"start":{"line":51,"column":23},"end":{"line":51,"column":44}},"35":{"start":{"line":52,"column":8},"end":{"line":60,"column":9}},"36":{"start":{"line":53,"column":27},"end":{"line":53,"column":56}},"37":{"start":{"line":55,"column":12},"end":{"line":55,"column":54}},"38":{"start":{"line":57,"column":12},"end":{"line":57,"column":34}},"39":{"start":{"line":58,"column":12},"end":{"line":58,"column":60}},"40":{"start":{"line":59,"column":12},"end":{"line":59,"column":78}},"41":{"start":{"line":63,"column":4},"end":{"line":75,"column":6}},"42":{"start":{"line":65,"column":23},"end":{"line":65,"column":44}},"43":{"start":{"line":66,"column":8},"end":{"line":74,"column":9}},"44":{"start":{"line":67,"column":27},"end":{"line":67,"column":56}},"45":{"start":{"line":69,"column":12},"end":{"line":69,"column":54}},"46":{"start":{"line":71,"column":12},"end":{"line":71,"column":34}},"47":{"start":{"line":72,"column":12},"end":{"line":72,"column":60}},"48":{"start":{"line":73,"column":12},"end":{"line":73,"column":78}},"49":{"start":{"line":78,"column":4},"end":{"line":107,"column":6}},"50":{"start":{"line":80,"column":23},"end":{"line":80,"column":29}},"51":{"start":{"line":83,"column":8},"end":{"line":83,"column":76}},"52":{"start":{"line":83,"column":21},"end":{"line":83,"column":34}},"53":{"start":{"line":84,"column":8},"end":{"line":84,"column":82}},"54":{"start":{"line":84,"column":21},"end":{"line":84,"column":37}},"55":{"start":{"line":85,"column":8},"end":{"line":85,"column":76}},"56":{"start":{"line":85,"column":21},"end":{"line":85,"column":35}},"57":{"start":{"line":86,"column":8},"end":{"line":86,"column":91}},"58":{"start":{"line":86,"column":21},"end":{"line":86,"column":35}},"59":{"start":{"line":87,"column":8},"end":{"line":87,"column":92}},"60":{"start":{"line":87,"column":21},"end":{"line":87,"column":42}},"61":{"start":{"line":88,"column":8},"end":{"line":88,"column":82}},"62":{"start":{"line":88,"column":21},"end":{"line":88,"column":37}},"63":{"start":{"line":90,"column":8},"end":{"line":90,"column":88}},"64":{"start":{"line":90,"column":21},"end":{"line":90,"column":35}},"65":{"start":{"line":91,"column":8},"end":{"line":91,"column":93}},"66":{"start":{"line":91,"column":21},"end":{"line":91,"column":40}},"67":{"start":{"line":92,"column":8},"end":{"line":92,"column":94}},"68":{"start":{"line":92,"column":21},"end":{"line":92,"column":39}},"69":{"start":{"line":96,"column":8},"end":{"line":96,"column":81}},"70":{"start":{"line":96,"column":21},"end":{"line":96,"column":39}},"71":{"start":{"line":97,"column":8},"end":{"line":97,"column":87}},"72":{"start":{"line":97,"column":21},"end":{"line":97,"column":42}},"73":{"start":{"line":98,"column":8},"end":{"line":98,"column":81}},"74":{"start":{"line":98,"column":21},"end":{"line":98,"column":40}},"75":{"start":{"line":99,"column":8},"end":{"line":99,"column":96}},"76":{"start":{"line":99,"column":21},"end":{"line":99,"column":40}},"77":{"start":{"line":100,"column":8},"end":{"line":100,"column":97}},"78":{"start":{"line":100,"column":21},"end":{"line":100,"column":47}},"79":{"start":{"line":101,"column":8},"end":{"line":101,"column":87}},"80":{"start":{"line":101,"column":21},"end":{"line":101,"column":42}},"81":{"start":{"line":103,"column":8},"end":{"line":103,"column":93}},"82":{"start":{"line":103,"column":21},"end":{"line":103,"column":40}},"83":{"start":{"line":104,"column":8},"end":{"line":104,"column":98}},"84":{"start":{"line":104,"column":21},"end":{"line":104,"column":45}},"85":{"start":{"line":105,"column":8},"end":{"line":105,"column":99}},"86":{"start":{"line":105,"column":21},"end":{"line":105,"column":44}},"87":{"start":{"line":110,"column":4},"end":{"line":110,"column":94}},"88":{"start":{"line":110,"column":16},"end":{"line":110,"column":93}}},"fnMap":{"0":{"name":"(anonymous_0)","decl":{"start":{"line":9,"column":43},"end":{"line":9,"column":44}},"loc":{"start":{"line":9,"column":49},"end":{"line":111,"column":1}},"line":9},"1":{"name":"(anonymous_1)","decl":{"start":{"line":10,"column":11},"end":{"line":10,"column":12}},"loc":{"start":{"line":10,"column":17},"end":{"line":10,"column":46}},"line":10},"2":{"name":"(anonymous_2)","decl":{"start":{"line":14,"column":15},"end":{"line":14,"column":16}},"loc":{"start":{"line":14,"column":26},"end":{"line":35,"column":5}},"line":14},"3":{"name":"(anonymous_3)","decl":{"start":{"line":37,"column":44},"end":{"line":37,"column":45}},"loc":{"start":{"line":37,"column":55},"end":{"line":47,"column":5}},"line":37},"4":{"name":"(anonymous_4)","decl":{"start":{"line":49,"column":39},"end":{"line":49,"column":40}},"loc":{"start":{"line":49,"column":50},"end":{"line":61,"column":5}},"line":49},"5":{"name":"(anonymous_5)","decl":{"start":{"line":63,"column":39},"end":{"line":63,"column":40}},"loc":{"start":{"line":63,"column":50},"end":{"line":75,"column":5}},"line":63},"6":{"name":"(anonymous_6)","decl":{"start":{"line":78,"column":98},"end":{"line":78,"column":99}},"loc":{"start":{"line":78,"column":104},"end":{"line":107,"column":5}},"line":78},"7":{"name":"(anonymous_7)","decl":{"start":{"line":83,"column":15},"end":{"line":83,"column":16}},"loc":{"start":{"line":83,"column":21},"end":{"line":83,"column":34}},"line":83},"8":{"name":"(anonymous_8)","decl":{"start":{"line":84,"column":15},"end":{"line":84,"column":16}},"loc":{"start":{"line":84,"column":21},"end":{"line":84,"column":37}},"line":84},"9":{"name":"(anonymous_9)","decl":{"start":{"line":85,"column":15},"end":{"line":85,"column":16}},"loc":{"start":{"line":85,"column":21},"end":{"line":85,"column":35}},"line":85},"10":{"name":"(anonymous_10)","decl":{"start":{"line":86,"column":15},"end":{"line":86,"column":16}},"loc":{"start":{"line":86,"column":21},"end":{"line":86,"column":35}},"line":86},"11":{"name":"(anonymous_11)","decl":{"start":{"line":87,"column":15},"end":{"line":87,"column":16}},"loc":{"start":{"line":87,"column":21},"end":{"line":87,"column":42}},"line":87},"12":{"name":"(anonymous_12)","decl":{"start":{"line":88,"column":15},"end":{"line":88,"column":16}},"loc":{"start":{"line":88,"column":21},"end":{"line":88,"column":37}},"line":88},"13":{"name":"(anonymous_13)","decl":{"start":{"line":90,"column":15},"end":{"line":90,"column":16}},"loc":{"start":{"line":90,"column":21},"end":{"line":90,"column":35}},"line":90},"14":{"name":"(anonymous_14)","decl":{"start":{"line":91,"column":15},"end":{"line":91,"column":16}},"loc":{"start":{"line":91,"column":21},"end":{"line":91,"column":40}},"line":91},"15":{"name":"(anonymous_15)","decl":{"start":{"line":92,"column":15},"end":{"line":92,"column":16}},"loc":{"start":{"line":92,"column":21},"end":{"line":92,"column":39}},"line":92},"16":{"name":"(anonymous_16)","decl":{"start":{"line":96,"column":15},"end":{"line":96,"column":16}},"loc":{"start":{"line":96,"column":21},"end":{"line":96,"column":39}},"line":96},"17":{"name":"(anonymous_17)","decl":{"start":{"line":97,"column":15},"end":{"line":97,"column":16}},"loc":{"start":{"line":97,"column":21},"end":{"line":97,"column":42}},"line":97},"18":{"name":"(anonymous_18)","decl":{"start":{"line":98,"column":15},"end":{"line":98,"column":16}},"loc":{"start":{"line":98,"column":21},"end":{"line":98,"column":40}},"line":98},"19":{"name":"(anonymous_19)","decl":{"start":{"line":99,"column":15},"end":{"line":99,"column":16}},"loc":{"start":{"line":99,"column":21},"end":{"line":99,"column":40}},"line":99},"20":{"name":"(anonymous_20)","decl":{"start":{"line":100,"column":15},"end":{"line":100,"column":16}},"loc":{"start":{"line":100,"column":21},"end":{"line":100,"column":47}},"line":100},"21":{"name":"(anonymous_21)","decl":{"start":{"line":101,"column":15},"end":{"line":101,"column":16}},"loc":{"start":{"line":101,"column":21},"end":{"line":101,"column":42}},"line":101},"22":{"name":"(anonymous_22)","decl":{"start":{"line":103,"column":15},"end":{"line":103,"column":16}},"loc":{"start":{"line":103,"column":21},"end":{"line":103,"column":40}},"line":103},"23":{"name":"(anonymous_23)","decl":{"start":{"line":104,"column":15},"end":{"line":104,"column":16}},"loc":{"start":{"line":104,"column":21},"end":{"line":104,"column":45}},"line":104},"24":{"name":"(anonymous_24)","decl":{"start":{"line":105,"column":15},"end":{"line":105,"column":16}},"loc":{"start":{"line":105,"column":21},"end":{"line":105,"column":44}},"line":105},"25":{"name":"(anonymous_25)","decl":{"start":{"line":110,"column":10},"end":{"line":110,"column":11}},"loc":{"start":{"line":110,"column":16},"end":{"line":110,"column":93}},"line":110}},"branchMap":{},"s":{"0":1,"1":1,"2":1,"3":1,"4":1,"5":1,"6":1,"7":1,"8":1,"9":1,"10":1,"11":4,"12":4,"13":4,"14":4,"15":4,"16":4,"17":4,"18":4,"19":4,"20":4,"21":4,"22":4,"23":4,"24":4,"25":4,"26":1,"27":1,"28":1,"29":1,"30":1,"31":1,"32":1,"33":1,"34":1,"35":1,"36":1,"37":0,"38":1,"39":1,"40":1,"41":1,"42":1,"43":1,"44":1,"45":0,"46":1,"47":1,"48":1,"49":1,"50":1,"51":1,"52":1,"53":1,"54":1,"55":1,"56":1,"57":1,"58":1,"59":1,"60":1,"61":1,"62":1,"63":1,"64":1,"65":1,"66":1,"67":1,"68":1,"69":1,"70":1,"71":1,"72":1,"73":1,"74":1,"75":1,"76":1,"77":1,"78":1,"79":1,"80":1,"81":1,"82":1,"83":1,"84":1,"85":1,"86":1,"87":1,"88":1},"f":{"0":1,"1":1,"2":4,"3":1,"4":1,"5":1,"6":1,"7":1,"8":1,"9":1,"10":1,"11":1,"12":1,"13":1,"14":1,"15":1,"16":1,"17":1,"18":1,"19":1,"20":1,"21":1,"22":1,"23":1,"24":1,"25":1},"b":{},"_coverageSchema":"43e27e138ebf9cfc5966b082cf9a028302ed4184","hash":"bb4035aa3899c458b8bd56723e7c24a2e96bdc34","contentHash":"3608bd3f0c44e970cfa8fec089785b72ab4e64d28f46f67b28d335a837df8f91"},"/Users/LukaBontempi/bootcamp/collab/skylab-bootcamp-201909/staff/luka-bontempi/affinity/affinity-api/logic/get-candidates/index.spec.js":{"path":"/Users/LukaBontempi/bootcamp/collab/skylab-bootcamp-201909/staff/luka-bontempi/affinity/affinity-api/logic/get-candidates/index.spec.js","statementMap":{"0":{"start":{"line":1,"column":0},"end":{"line":1,"column":26}},"1":{"start":{"line":2,"column":33},"end":{"line":2,"column":40}},"2":{"start":{"line":3,"column":19},"end":{"line":3,"column":34}},"3":{"start":{"line":4,"column":19},"end":{"line":4,"column":23}},"4":{"start":{"line":5,"column":22},"end":{"line":5,"column":34}},"5":{"start":{"line":6,"column":38},"end":{"line":6,"column":62}},"6":{"start":{"line":7,"column":39},"end":{"line":7,"column":63}},"7":{"start":{"line":10,"column":0},"end":{"line":152,"column":2}},"8":{"start":{"line":11,"column":4},"end":{"line":11,"column":47}},"9":{"start":{"line":11,"column":17},"end":{"line":11,"column":46}},"10":{"start":{"line":16,"column":4},"end":{"line":95,"column":6}},"11":{"start":{"line":17,"column":8},"end":{"line":17,"column":39}},"12":{"start":{"line":18,"column":8},"end":{"line":18,"column":39}},"13":{"start":{"line":19,"column":8},"end":{"line":19,"column":44}},"14":{"start":{"line":20,"column":8},"end":{"line":20,"column":41}},"15":{"start":{"line":21,"column":8},"end":{"line":21,"column":41}},"16":{"start":{"line":22,"column":8},"end":{"line":22,"column":41}},"17":{"start":{"line":23,"column":8},"end":{"line":23,"column":130}},"18":{"start":{"line":24,"column":8},"end":{"line":24,"column":47}},"19":{"start":{"line":25,"column":8},"end":{"line":25,"column":28}},"20":{"start":{"line":26,"column":8},"end":{"line":26,"column":20}},"21":{"start":{"line":29,"column":8},"end":{"line":29,"column":51}},"22":{"start":{"line":31,"column":8},"end":{"line":31,"column":31}},"23":{"start":{"line":33,"column":21},"end":{"line":33,"column":192}},"24":{"start":{"line":36,"column":8},"end":{"line":36,"column":20}},"25":{"start":{"line":37,"column":8},"end":{"line":37,"column":20}},"26":{"start":{"line":38,"column":8},"end":{"line":38,"column":18}},"27":{"start":{"line":39,"column":8},"end":{"line":39,"column":21}},"28":{"start":{"line":40,"column":8},"end":{"line":40,"column":19}},"29":{"start":{"line":41,"column":8},"end":{"line":41,"column":22}},"30":{"start":{"line":42,"column":8},"end":{"line":42,"column":22}},"31":{"start":{"line":43,"column":8},"end":{"line":43,"column":22}},"32":{"start":{"line":44,"column":8},"end":{"line":44,"column":23}},"33":{"start":{"line":45,"column":8},"end":{"line":45,"column":25}},"34":{"start":{"line":46,"column":8},"end":{"line":46,"column":23}},"35":{"start":{"line":47,"column":8},"end":{"line":47,"column":22}},"36":{"start":{"line":48,"column":8},"end":{"line":48,"column":21}},"37":{"start":{"line":50,"column":8},"end":{"line":50,"column":23}},"38":{"start":{"line":52,"column":8},"end":{"line":87,"column":9}},"39":{"start":{"line":52,"column":21},"end":{"line":52,"column":22}},"40":{"start":{"line":54,"column":12},"end":{"line":54,"column":55}},"41":{"start":{"line":60,"column":25},"end":{"line":72,"column":13}},"42":{"start":{"line":74,"column":12},"end":{"line":74,"column":33}},"43":{"start":{"line":76,"column":12},"end":{"line":76,"column":33}},"44":{"start":{"line":77,"column":12},"end":{"line":77,"column":39}},"45":{"start":{"line":78,"column":12},"end":{"line":78,"column":35}},"46":{"start":{"line":79,"column":12},"end":{"line":79,"column":41}},"47":{"start":{"line":80,"column":12},"end":{"line":80,"column":41}},"48":{"start":{"line":81,"column":12},"end":{"line":81,"column":41}},"49":{"start":{"line":82,"column":12},"end":{"line":82,"column":43}},"50":{"start":{"line":83,"column":12},"end":{"line":83,"column":47}},"51":{"start":{"line":84,"column":12},"end":{"line":84,"column":43}},"52":{"start":{"line":85,"column":12},"end":{"line":85,"column":41}},"53":{"start":{"line":86,"column":12},"end":{"line":86,"column":38}},"54":{"start":{"line":89,"column":8},"end":{"line":89,"column":41}},"55":{"start":{"line":97,"column":4},"end":{"line":131,"column":6}},"56":{"start":{"line":98,"column":27},"end":{"line":98,"column":50}},"57":{"start":{"line":99,"column":8},"end":{"line":99,"column":16}},"58":{"start":{"line":101,"column":8},"end":{"line":101,"column":35}},"59":{"start":{"line":102,"column":8},"end":{"line":102,"column":44}},"60":{"start":{"line":104,"column":8},"end":{"line":127,"column":11}},"61":{"start":{"line":105,"column":12},"end":{"line":105,"column":43}},"62":{"start":{"line":106,"column":12},"end":{"line":106,"column":38}},"63":{"start":{"line":108,"column":12},"end":{"line":108,"column":50}},"64":{"start":{"line":109,"column":12},"end":{"line":109,"column":46}},"65":{"start":{"line":110,"column":12},"end":{"line":110,"column":53}},"66":{"start":{"line":111,"column":12},"end":{"line":111,"column":52}},"67":{"start":{"line":112,"column":12},"end":{"line":112,"column":59}},"68":{"start":{"line":113,"column":12},"end":{"line":113,"column":55}},"69":{"start":{"line":114,"column":12},"end":{"line":114,"column":55}},"70":{"start":{"line":115,"column":12},"end":{"line":115,"column":53}},"71":{"start":{"line":116,"column":12},"end":{"line":116,"column":61}},"72":{"start":{"line":117,"column":12},"end":{"line":117,"column":56}},"73":{"start":{"line":118,"column":12},"end":{"line":118,"column":61}},"74":{"start":{"line":119,"column":12},"end":{"line":119,"column":56}},"75":{"start":{"line":120,"column":12},"end":{"line":120,"column":67}},"76":{"start":{"line":121,"column":12},"end":{"line":121,"column":59}},"77":{"start":{"line":122,"column":12},"end":{"line":122,"column":56}},"78":{"start":{"line":125,"column":12},"end":{"line":125,"column":44}},"79":{"start":{"line":126,"column":12},"end":{"line":126,"column":61}},"80":{"start":{"line":128,"column":8},"end":{"line":128,"column":67}},"81":{"start":{"line":128,"column":35},"end":{"line":128,"column":66}},"82":{"start":{"line":135,"column":4},"end":{"line":147,"column":6}},"83":{"start":{"line":136,"column":19},"end":{"line":136,"column":45}},"84":{"start":{"line":138,"column":8},"end":{"line":146,"column":9}},"85":{"start":{"line":139,"column":12},"end":{"line":139,"column":35}},"86":{"start":{"line":141,"column":12},"end":{"line":141,"column":54}},"87":{"start":{"line":143,"column":12},"end":{"line":143,"column":34}},"88":{"start":{"line":144,"column":12},"end":{"line":144,"column":60}},"89":{"start":{"line":145,"column":12},"end":{"line":145,"column":74}},"90":{"start":{"line":151,"column":4},"end":{"line":151,"column":60}},"91":{"start":{"line":151,"column":16},"end":{"line":151,"column":59}}},"fnMap":{"0":{"name":"(anonymous_0)","decl":{"start":{"line":10,"column":35},"end":{"line":10,"column":36}},"loc":{"start":{"line":10,"column":41},"end":{"line":152,"column":1}},"line":10},"1":{"name":"(anonymous_1)","decl":{"start":{"line":11,"column":11},"end":{"line":11,"column":12}},"loc":{"start":{"line":11,"column":17},"end":{"line":11,"column":46}},"line":11},"2":{"name":"(anonymous_2)","decl":{"start":{"line":16,"column":15},"end":{"line":16,"column":16}},"loc":{"start":{"line":16,"column":27},"end":{"line":95,"column":5}},"line":16},"3":{"name":"(anonymous_3)","decl":{"start":{"line":97,"column":44},"end":{"line":97,"column":45}},"loc":{"start":{"line":97,"column":56},"end":{"line":131,"column":5}},"line":97},"4":{"name":"(anonymous_4)","decl":{"start":{"line":104,"column":27},"end":{"line":104,"column":28}},"loc":{"start":{"line":104,"column":40},"end":{"line":127,"column":9}},"line":104},"5":{"name":"(anonymous_5)","decl":{"start":{"line":128,"column":27},"end":{"line":128,"column":28}},"loc":{"start":{"line":128,"column":35},"end":{"line":128,"column":66}},"line":128},"6":{"name":"(anonymous_6)","decl":{"start":{"line":135,"column":39},"end":{"line":135,"column":40}},"loc":{"start":{"line":135,"column":51},"end":{"line":147,"column":5}},"line":135},"7":{"name":"(anonymous_7)","decl":{"start":{"line":151,"column":10},"end":{"line":151,"column":11}},"loc":{"start":{"line":151,"column":16},"end":{"line":151,"column":59}},"line":151}},"branchMap":{},"s":{"0":1,"1":1,"2":1,"3":1,"4":1,"5":1,"6":1,"7":1,"8":1,"9":1,"10":1,"11":2,"12":2,"13":2,"14":2,"15":2,"16":2,"17":2,"18":2,"19":2,"20":2,"21":2,"22":2,"23":2,"24":2,"25":2,"26":2,"27":2,"28":2,"29":2,"30":2,"31":2,"32":2,"33":2,"34":2,"35":2,"36":2,"37":2,"38":2,"39":2,"40":40,"41":40,"42":40,"43":40,"44":40,"45":40,"46":40,"47":40,"48":40,"49":40,"50":40,"51":40,"52":40,"53":40,"54":2,"55":1,"56":1,"57":1,"58":1,"59":1,"60":1,"61":20,"62":20,"63":20,"64":20,"65":20,"66":20,"67":20,"68":20,"69":20,"70":20,"71":20,"72":20,"73":20,"74":20,"75":20,"76":20,"77":20,"78":20,"79":20,"80":1,"81":20,"82":1,"83":1,"84":1,"85":1,"86":0,"87":1,"88":1,"89":1,"90":1,"91":1},"f":{"0":1,"1":1,"2":2,"3":1,"4":20,"5":20,"6":1,"7":1},"b":{},"_coverageSchema":"43e27e138ebf9cfc5966b082cf9a028302ed4184","hash":"d1d6cb3a5f95d88fc78a194730346e9e509af7d8","contentHash":"af5cd2a1642ccee0176c2803f744651208a2be1bbc34c741aedaf35a691187fc"},"/Users/LukaBontempi/bootcamp/collab/skylab-bootcamp-201909/staff/luka-bontempi/affinity/affinity-api/logic/get-candidates/index.js":{"path":"/Users/LukaBontempi/bootcamp/collab/skylab-bootcamp-201909/staff/luka-bontempi/affinity/affinity-api/logic/get-candidates/index.js","statementMap":{"0":{"start":{"line":1,"column":62},"end":{"line":1,"column":86}},"1":{"start":{"line":2,"column":39},"end":{"line":2,"column":63}},"2":{"start":{"line":4,"column":0},"end":{"line":33,"column":1}},"3":{"start":{"line":5,"column":4},"end":{"line":5,"column":23}},"4":{"start":{"line":6,"column":4},"end":{"line":6,"column":37}},"5":{"start":{"line":7,"column":4},"end":{"line":7,"column":80}},"6":{"start":{"line":7,"column":31},"end":{"line":7,"column":80}},"7":{"start":{"line":9,"column":4},"end":{"line":32,"column":5}},"8":{"start":{"line":10,"column":21},"end":{"line":10,"column":44}},"9":{"start":{"line":11,"column":8},"end":{"line":11,"column":16}},"10":{"start":{"line":13,"column":8},"end":{"line":13,"column":74}},"11":{"start":{"line":13,"column":19},"end":{"line":13,"column":74}},"12":{"start":{"line":14,"column":54},"end":{"line":14,"column":58}},"13":{"start":{"line":15,"column":27},"end":{"line":15,"column":181}},"14":{"start":{"line":17,"column":25},"end":{"line":17,"column":27}},"15":{"start":{"line":18,"column":8},"end":{"line":25,"column":8}},"16":{"start":{"line":19,"column":12},"end":{"line":19,"column":51}},"17":{"start":{"line":20,"column":12},"end":{"line":20,"column":32}},"18":{"start":{"line":21,"column":149},"end":{"line":21,"column":158}},"19":{"start":{"line":22,"column":12},"end":{"line":22,"column":180}},"20":{"start":{"line":23,"column":12},"end":{"line":23,"column":38}},"21":{"start":{"line":27,"column":4},"end":{"line":27,"column":30}},"22":{"start":{"line":29,"column":4},"end":{"line":29,"column":21}},"23":{"start":{"line":31,"column":4},"end":{"line":31,"column":21}}},"fnMap":{"0":{"name":"(anonymous_0)","decl":{"start":{"line":4,"column":17},"end":{"line":4,"column":18}},"loc":{"start":{"line":4,"column":31},"end":{"line":33,"column":1}},"line":4},"1":{"name":"(anonymous_1)","decl":{"start":{"line":9,"column":12},"end":{"line":9,"column":13}},"loc":{"start":{"line":9,"column":24},"end":{"line":32,"column":1}},"line":9},"2":{"name":"(anonymous_2)","decl":{"start":{"line":18,"column":27},"end":{"line":18,"column":28}},"loc":{"start":{"line":18,"column":40},"end":{"line":24,"column":9}},"line":18}},"branchMap":{"0":{"loc":{"start":{"line":7,"column":4},"end":{"line":7,"column":80}},"type":"if","locations":[{"start":{"line":7,"column":4},"end":{"line":7,"column":80}},{"start":{"line":7,"column":4},"end":{"line":7,"column":80}}],"line":7},"1":{"loc":{"start":{"line":13,"column":8},"end":{"line":13,"column":74}},"type":"if","locations":[{"start":{"line":13,"column":8},"end":{"line":13,"column":74}},{"start":{"line":13,"column":8},"end":{"line":13,"column":74}}],"line":13}},"s":{"0":1,"1":1,"2":1,"3":2,"4":2,"5":2,"6":0,"7":2,"8":2,"9":2,"10":2,"11":1,"12":1,"13":1,"14":1,"15":1,"16":20,"17":20,"18":20,"19":20,"20":20,"21":1,"22":1,"23":1},"f":{"0":2,"1":2,"2":20},"b":{"0":[0,2],"1":[1,1]},"_coverageSchema":"43e27e138ebf9cfc5966b082cf9a028302ed4184","hash":"ac59f9b0b2d23c8bede9d7650e71ef5d207c44be","contentHash":"c0a4d396a52a804af279e2cbc6845f87ebbee8fb97d0de5435cdcd07f514d667"},"/Users/LukaBontempi/bootcamp/collab/skylab-bootcamp-201909/staff/luka-bontempi/affinity/affinity-api/logic/loadProfileImageUrl/index.spec.js":{"path":"/Users/LukaBontempi/bootcamp/collab/skylab-bootcamp-201909/staff/luka-bontempi/affinity/affinity-api/logic/loadProfileImageUrl/index.spec.js","statementMap":{},"fnMap":{},"branchMap":{},"s":{},"f":{},"b":{},"_coverageSchema":"43e27e138ebf9cfc5966b082cf9a028302ed4184","hash":"e77373e4dfb6e5918d4e38c13bae27b2acf7a38f","contentHash":"5c9ee97bb0d221267ecb969935d4bb8cf452a15d0263f1795055e1e7ceec918c"},"/Users/LukaBontempi/bootcamp/collab/skylab-bootcamp-201909/staff/luka-bontempi/affinity/affinity-api/logic/modify-user/index.spec.js":{"path":"/Users/LukaBontempi/bootcamp/collab/skylab-bootcamp-201909/staff/luka-bontempi/affinity/affinity-api/logic/modify-user/index.spec.js","statementMap":{"0":{"start":{"line":1,"column":0},"end":{"line":1,"column":26}},"1":{"start":{"line":2,"column":33},"end":{"line":2,"column":40}},"2":{"start":{"line":3,"column":19},"end":{"line":3,"column":34}},"3":{"start":{"line":4,"column":19},"end":{"line":4,"column":31}},"4":{"start":{"line":5,"column":19},"end":{"line":5,"column":23}},"5":{"start":{"line":6,"column":95},"end":{"line":6,"column":119}},"6":{"start":{"line":7,"column":49},"end":{"line":7,"column":73}},"7":{"start":{"line":9,"column":0},"end":{"line":9,"column":13}},"8":{"start":{"line":11,"column":0},"end":{"line":335,"column":2}},"9":{"start":{"line":12,"column":4},"end":{"line":12,"column":47}},"10":{"start":{"line":12,"column":17},"end":{"line":12,"column":46}},"11":{"start":{"line":18,"column":4},"end":{"line":36,"column":6}},"12":{"start":{"line":19,"column":8},"end":{"line":19,"column":33}},"13":{"start":{"line":20,"column":8},"end":{"line":20,"column":39}},"14":{"start":{"line":21,"column":8},"end":{"line":21,"column":44}},"15":{"start":{"line":22,"column":8},"end":{"line":22,"column":41}},"16":{"start":{"line":23,"column":8},"end":{"line":23,"column":41}},"17":{"start":{"line":24,"column":8},"end":{"line":24,"column":41}},"18":{"start":{"line":25,"column":8},"end":{"line":25,"column":119}},"19":{"start":{"line":26,"column":8},"end":{"line":26,"column":47}},"20":{"start":{"line":27,"column":8},"end":{"line":27,"column":62}},"21":{"start":{"line":28,"column":8},"end":{"line":28,"column":64}},"22":{"start":{"line":29,"column":8},"end":{"line":29,"column":70}},"23":{"start":{"line":31,"column":8},"end":{"line":31,"column":31}},"24":{"start":{"line":33,"column":21},"end":{"line":33,"column":128}},"25":{"start":{"line":35,"column":8},"end":{"line":35,"column":20}},"26":{"start":{"line":38,"column":4},"end":{"line":86,"column":6}},"27":{"start":{"line":39,"column":24},"end":{"line":39,"column":45}},"28":{"start":{"line":40,"column":27},"end":{"line":40,"column":51}},"29":{"start":{"line":41,"column":28},"end":{"line":41,"column":53}},"30":{"start":{"line":42,"column":29},"end":{"line":42,"column":134}},"31":{"start":{"line":43,"column":31},"end":{"line":43,"column":59}},"32":{"start":{"line":44,"column":23},"end":{"line":44,"column":71}},"33":{"start":{"line":45,"column":25},"end":{"line":45,"column":73}},"34":{"start":{"line":46,"column":25},"end":{"line":46,"column":80}},"35":{"start":{"line":49,"column":25},"end":{"line":49,"column":136}},"36":{"start":{"line":51,"column":8},"end":{"line":51,"column":37}},"37":{"start":{"line":53,"column":21},"end":{"line":53,"column":44}},"38":{"start":{"line":57,"column":8},"end":{"line":57,"column":34}},"39":{"start":{"line":58,"column":8},"end":{"line":58,"column":43}},"40":{"start":{"line":59,"column":8},"end":{"line":59,"column":55}},"41":{"start":{"line":60,"column":8},"end":{"line":60,"column":43}},"42":{"start":{"line":62,"column":8},"end":{"line":62,"column":37}},"43":{"start":{"line":63,"column":8},"end":{"line":63,"column":46}},"44":{"start":{"line":64,"column":8},"end":{"line":64,"column":58}},"45":{"start":{"line":65,"column":8},"end":{"line":65,"column":49}},"46":{"start":{"line":67,"column":8},"end":{"line":67,"column":38}},"47":{"start":{"line":68,"column":8},"end":{"line":68,"column":47}},"48":{"start":{"line":69,"column":8},"end":{"line":69,"column":59}},"49":{"start":{"line":70,"column":8},"end":{"line":70,"column":51}},"50":{"start":{"line":72,"column":8},"end":{"line":72,"column":39}},"51":{"start":{"line":73,"column":8},"end":{"line":73,"column":47}},"52":{"start":{"line":74,"column":8},"end":{"line":74,"column":60}},"53":{"start":{"line":75,"column":8},"end":{"line":75,"column":58}},"54":{"start":{"line":77,"column":8},"end":{"line":77,"column":41}},"55":{"start":{"line":78,"column":8},"end":{"line":78,"column":50}},"56":{"start":{"line":79,"column":8},"end":{"line":79,"column":62}},"57":{"start":{"line":80,"column":8},"end":{"line":80,"column":57}},"58":{"start":{"line":84,"column":8},"end":{"line":84,"column":40}},"59":{"start":{"line":85,"column":8},"end":{"line":85,"column":57}},"60":{"start":{"line":88,"column":4},"end":{"line":130,"column":6}},"61":{"start":{"line":89,"column":27},"end":{"line":89,"column":51}},"62":{"start":{"line":90,"column":28},"end":{"line":90,"column":53}},"63":{"start":{"line":91,"column":29},"end":{"line":91,"column":134}},"64":{"start":{"line":92,"column":31},"end":{"line":92,"column":59}},"65":{"start":{"line":94,"column":25},"end":{"line":94,"column":111}},"66":{"start":{"line":96,"column":8},"end":{"line":96,"column":37}},"67":{"start":{"line":98,"column":21},"end":{"line":98,"column":44}},"68":{"start":{"line":102,"column":8},"end":{"line":102,"column":34}},"69":{"start":{"line":103,"column":8},"end":{"line":103,"column":43}},"70":{"start":{"line":104,"column":8},"end":{"line":104,"column":55}},"71":{"start":{"line":105,"column":8},"end":{"line":105,"column":40}},"72":{"start":{"line":107,"column":8},"end":{"line":107,"column":37}},"73":{"start":{"line":108,"column":8},"end":{"line":108,"column":46}},"74":{"start":{"line":109,"column":8},"end":{"line":109,"column":58}},"75":{"start":{"line":110,"column":8},"end":{"line":110,"column":49}},"76":{"start":{"line":112,"column":8},"end":{"line":112,"column":38}},"77":{"start":{"line":113,"column":8},"end":{"line":113,"column":47}},"78":{"start":{"line":114,"column":8},"end":{"line":114,"column":59}},"79":{"start":{"line":115,"column":8},"end":{"line":115,"column":51}},"80":{"start":{"line":117,"column":8},"end":{"line":117,"column":39}},"81":{"start":{"line":118,"column":8},"end":{"line":118,"column":47}},"82":{"start":{"line":119,"column":8},"end":{"line":119,"column":60}},"83":{"start":{"line":120,"column":8},"end":{"line":120,"column":58}},"84":{"start":{"line":122,"column":8},"end":{"line":122,"column":41}},"85":{"start":{"line":123,"column":8},"end":{"line":123,"column":50}},"86":{"start":{"line":124,"column":8},"end":{"line":124,"column":62}},"87":{"start":{"line":125,"column":8},"end":{"line":125,"column":57}},"88":{"start":{"line":128,"column":8},"end":{"line":128,"column":40}},"89":{"start":{"line":129,"column":8},"end":{"line":129,"column":57}},"90":{"start":{"line":132,"column":4},"end":{"line":174,"column":6}},"91":{"start":{"line":133,"column":24},"end":{"line":133,"column":45}},"92":{"start":{"line":134,"column":28},"end":{"line":134,"column":53}},"93":{"start":{"line":135,"column":29},"end":{"line":135,"column":134}},"94":{"start":{"line":136,"column":31},"end":{"line":136,"column":59}},"95":{"start":{"line":138,"column":25},"end":{"line":138,"column":107}},"96":{"start":{"line":140,"column":8},"end":{"line":140,"column":37}},"97":{"start":{"line":142,"column":21},"end":{"line":142,"column":44}},"98":{"start":{"line":146,"column":8},"end":{"line":146,"column":34}},"99":{"start":{"line":147,"column":8},"end":{"line":147,"column":43}},"100":{"start":{"line":148,"column":8},"end":{"line":148,"column":55}},"101":{"start":{"line":149,"column":8},"end":{"line":149,"column":43}},"102":{"start":{"line":151,"column":8},"end":{"line":151,"column":37}},"103":{"start":{"line":152,"column":8},"end":{"line":152,"column":46}},"104":{"start":{"line":153,"column":8},"end":{"line":153,"column":58}},"105":{"start":{"line":154,"column":8},"end":{"line":154,"column":46}},"106":{"start":{"line":156,"column":8},"end":{"line":156,"column":38}},"107":{"start":{"line":157,"column":8},"end":{"line":157,"column":47}},"108":{"start":{"line":158,"column":8},"end":{"line":158,"column":59}},"109":{"start":{"line":159,"column":8},"end":{"line":159,"column":51}},"110":{"start":{"line":161,"column":8},"end":{"line":161,"column":39}},"111":{"start":{"line":162,"column":8},"end":{"line":162,"column":47}},"112":{"start":{"line":163,"column":8},"end":{"line":163,"column":60}},"113":{"start":{"line":164,"column":8},"end":{"line":164,"column":58}},"114":{"start":{"line":166,"column":8},"end":{"line":166,"column":41}},"115":{"start":{"line":167,"column":8},"end":{"line":167,"column":50}},"116":{"start":{"line":168,"column":8},"end":{"line":168,"column":62}},"117":{"start":{"line":169,"column":8},"end":{"line":169,"column":57}},"118":{"start":{"line":172,"column":8},"end":{"line":172,"column":40}},"119":{"start":{"line":173,"column":8},"end":{"line":173,"column":57}},"120":{"start":{"line":176,"column":4},"end":{"line":218,"column":6}},"121":{"start":{"line":177,"column":24},"end":{"line":177,"column":45}},"122":{"start":{"line":178,"column":27},"end":{"line":178,"column":51}},"123":{"start":{"line":179,"column":29},"end":{"line":179,"column":134}},"124":{"start":{"line":180,"column":31},"end":{"line":180,"column":59}},"125":{"start":{"line":182,"column":25},"end":{"line":182,"column":107}},"126":{"start":{"line":184,"column":8},"end":{"line":184,"column":37}},"127":{"start":{"line":186,"column":21},"end":{"line":186,"column":44}},"128":{"start":{"line":190,"column":8},"end":{"line":190,"column":34}},"129":{"start":{"line":191,"column":8},"end":{"line":191,"column":43}},"130":{"start":{"line":192,"column":8},"end":{"line":192,"column":55}},"131":{"start":{"line":193,"column":8},"end":{"line":193,"column":43}},"132":{"start":{"line":195,"column":8},"end":{"line":195,"column":37}},"133":{"start":{"line":196,"column":8},"end":{"line":196,"column":46}},"134":{"start":{"line":197,"column":8},"end":{"line":197,"column":58}},"135":{"start":{"line":198,"column":8},"end":{"line":198,"column":49}},"136":{"start":{"line":200,"column":8},"end":{"line":200,"column":38}},"137":{"start":{"line":201,"column":8},"end":{"line":201,"column":47}},"138":{"start":{"line":202,"column":8},"end":{"line":202,"column":59}},"139":{"start":{"line":203,"column":8},"end":{"line":203,"column":48}},"140":{"start":{"line":205,"column":8},"end":{"line":205,"column":39}},"141":{"start":{"line":206,"column":8},"end":{"line":206,"column":47}},"142":{"start":{"line":207,"column":8},"end":{"line":207,"column":60}},"143":{"start":{"line":208,"column":8},"end":{"line":208,"column":58}},"144":{"start":{"line":210,"column":8},"end":{"line":210,"column":41}},"145":{"start":{"line":211,"column":8},"end":{"line":211,"column":50}},"146":{"start":{"line":212,"column":8},"end":{"line":212,"column":62}},"147":{"start":{"line":213,"column":8},"end":{"line":213,"column":57}},"148":{"start":{"line":216,"column":8},"end":{"line":216,"column":40}},"149":{"start":{"line":217,"column":8},"end":{"line":217,"column":57}},"150":{"start":{"line":220,"column":4},"end":{"line":262,"column":6}},"151":{"start":{"line":221,"column":24},"end":{"line":221,"column":45}},"152":{"start":{"line":222,"column":27},"end":{"line":222,"column":51}},"153":{"start":{"line":223,"column":28},"end":{"line":223,"column":53}},"154":{"start":{"line":224,"column":31},"end":{"line":224,"column":59}},"155":{"start":{"line":226,"column":25},"end":{"line":226,"column":106}},"156":{"start":{"line":228,"column":8},"end":{"line":228,"column":37}},"157":{"start":{"line":230,"column":21},"end":{"line":230,"column":44}},"158":{"start":{"line":234,"column":8},"end":{"line":234,"column":34}},"159":{"start":{"line":235,"column":8},"end":{"line":235,"column":43}},"160":{"start":{"line":236,"column":8},"end":{"line":236,"column":55}},"161":{"start":{"line":237,"column":8},"end":{"line":237,"column":43}},"162":{"start":{"line":239,"column":8},"end":{"line":239,"column":37}},"163":{"start":{"line":240,"column":8},"end":{"line":240,"column":46}},"164":{"start":{"line":241,"column":8},"end":{"line":241,"column":58}},"165":{"start":{"line":242,"column":8},"end":{"line":242,"column":49}},"166":{"start":{"line":244,"column":8},"end":{"line":244,"column":38}},"167":{"start":{"line":245,"column":8},"end":{"line":245,"column":47}},"168":{"start":{"line":246,"column":8},"end":{"line":246,"column":59}},"169":{"start":{"line":247,"column":8},"end":{"line":247,"column":51}},"170":{"start":{"line":249,"column":8},"end":{"line":249,"column":39}},"171":{"start":{"line":250,"column":8},"end":{"line":250,"column":47}},"172":{"start":{"line":251,"column":8},"end":{"line":251,"column":60}},"173":{"start":{"line":252,"column":8},"end":{"line":252,"column":55}},"174":{"start":{"line":254,"column":8},"end":{"line":254,"column":41}},"175":{"start":{"line":255,"column":8},"end":{"line":255,"column":50}},"176":{"start":{"line":256,"column":8},"end":{"line":256,"column":62}},"177":{"start":{"line":257,"column":8},"end":{"line":257,"column":57}},"178":{"start":{"line":260,"column":8},"end":{"line":260,"column":40}},"179":{"start":{"line":261,"column":8},"end":{"line":261,"column":57}},"180":{"start":{"line":264,"column":4},"end":{"line":306,"column":6}},"181":{"start":{"line":265,"column":24},"end":{"line":265,"column":45}},"182":{"start":{"line":266,"column":27},"end":{"line":266,"column":51}},"183":{"start":{"line":267,"column":28},"end":{"line":267,"column":53}},"184":{"start":{"line":268,"column":29},"end":{"line":268,"column":134}},"185":{"start":{"line":270,"column":25},"end":{"line":270,"column":104}},"186":{"start":{"line":272,"column":8},"end":{"line":272,"column":37}},"187":{"start":{"line":274,"column":21},"end":{"line":274,"column":44}},"188":{"start":{"line":278,"column":8},"end":{"line":278,"column":34}},"189":{"start":{"line":279,"column":8},"end":{"line":279,"column":43}},"190":{"start":{"line":280,"column":8},"end":{"line":280,"column":55}},"191":{"start":{"line":281,"column":8},"end":{"line":281,"column":43}},"192":{"start":{"line":283,"column":8},"end":{"line":283,"column":37}},"193":{"start":{"line":284,"column":8},"end":{"line":284,"column":46}},"194":{"start":{"line":285,"column":8},"end":{"line":285,"column":58}},"195":{"start":{"line":286,"column":8},"end":{"line":286,"column":49}},"196":{"start":{"line":288,"column":8},"end":{"line":288,"column":38}},"197":{"start":{"line":289,"column":8},"end":{"line":289,"column":47}},"198":{"start":{"line":290,"column":8},"end":{"line":290,"column":59}},"199":{"start":{"line":291,"column":8},"end":{"line":291,"column":51}},"200":{"start":{"line":293,"column":8},"end":{"line":293,"column":39}},"201":{"start":{"line":294,"column":8},"end":{"line":294,"column":47}},"202":{"start":{"line":295,"column":8},"end":{"line":295,"column":60}},"203":{"start":{"line":296,"column":8},"end":{"line":296,"column":58}},"204":{"start":{"line":298,"column":8},"end":{"line":298,"column":41}},"205":{"start":{"line":299,"column":8},"end":{"line":299,"column":50}},"206":{"start":{"line":300,"column":8},"end":{"line":300,"column":62}},"207":{"start":{"line":301,"column":8},"end":{"line":301,"column":54}},"208":{"start":{"line":304,"column":8},"end":{"line":304,"column":40}},"209":{"start":{"line":305,"column":8},"end":{"line":305,"column":57}},"210":{"start":{"line":334,"column":4},"end":{"line":334,"column":94}},"211":{"start":{"line":334,"column":16},"end":{"line":334,"column":93}}},"fnMap":{"0":{"name":"(anonymous_0)","decl":{"start":{"line":11,"column":32},"end":{"line":11,"column":33}},"loc":{"start":{"line":11,"column":38},"end":{"line":335,"column":1}},"line":11},"1":{"name":"(anonymous_1)","decl":{"start":{"line":12,"column":11},"end":{"line":12,"column":12}},"loc":{"start":{"line":12,"column":17},"end":{"line":12,"column":46}},"line":12},"2":{"name":"(anonymous_2)","decl":{"start":{"line":18,"column":16},"end":{"line":18,"column":17}},"loc":{"start":{"line":18,"column":27},"end":{"line":36,"column":5}},"line":18},"3":{"name":"(anonymous_3)","decl":{"start":{"line":38,"column":59},"end":{"line":38,"column":60}},"loc":{"start":{"line":38,"column":71},"end":{"line":86,"column":5}},"line":38},"4":{"name":"(anonymous_4)","decl":{"start":{"line":88,"column":76},"end":{"line":88,"column":77}},"loc":{"start":{"line":88,"column":88},"end":{"line":130,"column":5}},"line":88},"5":{"name":"(anonymous_5)","decl":{"start":{"line":132,"column":79},"end":{"line":132,"column":80}},"loc":{"start":{"line":132,"column":91},"end":{"line":174,"column":5}},"line":132},"6":{"name":"(anonymous_6)","d
[...]
{"start":{"line":102,"column":8},"end":{"line":102,"column":96}},"81":{"start":{"line":102,"column":21},"end":{"line":102,"column":44}},"82":{"start":{"line":103,"column":8},"end":{"line":103,"column":101}},"83":{"start":{"line":103,"column":21},"end":{"line":103,"column":49}},"84":{"start":{"line":107,"column":8},"end":{"line":107,"column":90}},"85":{"start":{"line":107,"column":21},"end":{"line":107,"column":48}},"86":{"start":{"line":108,"column":8},"end":{"line":108,"column":96}},"87":{"start":{"line":108,"column":21},"end":{"line":108,"column":51}},"88":{"start":{"line":109,"column":8},"end":{"line":109,"column":90}},"89":{"start":{"line":109,"column":21},"end":{"line":109,"column":49}},"90":{"start":{"line":110,"column":8},"end":{"line":110,"column":105}},"91":{"start":{"line":110,"column":21},"end":{"line":110,"column":49}},"92":{"start":{"line":111,"column":8},"end":{"line":111,"column":106}},"93":{"start":{"line":111,"column":21},"end":{"line":111,"column":56}},"94":{"start":{"line":112,"column":8},"end":{"line":112,"column":96}},"95":{"start":{"line":112,"column":21},"end":{"line":112,"column":51}},"96":{"start":{"line":113,"column":8},"end":{"line":113,"column":99}},"97":{"start":{"line":113,"column":21},"end":{"line":113,"column":49}},"98":{"start":{"line":114,"column":8},"end":{"line":114,"column":104}},"99":{"start":{"line":114,"column":21},"end":{"line":114,"column":54}},"100":{"start":{"line":119,"column":4},"end":{"line":119,"column":94}},"101":{"start":{"line":119,"column":16},"end":{"line":119,"column":93}}},"fnMap":{"0":{"name":"(anonymous_0)","decl":{"start":{"line":9,"column":32},"end":{"line":9,"column":33}},"loc":{"start":{"line":9,"column":38},"end":{"line":120,"column":1}},"line":9},"1":{"name":"(anonymous_1)","decl":{"start":{"line":10,"column":11},"end":{"line":10,"column":12}},"loc":{"start":{"line":10,"column":17},"end":{"line":10,"column":46}},"line":10},"2":{"name":"(anonymous_2)","decl":{"start":{"line":15,"column":15},"end":{"line":15,"column":16}},"loc":{"start":{"line":15,"column":26},"end":{"line":37,"column":5}},"line":15},"3":{"name":"(anonymous_3)","decl":{"start":{"line":39,"column":39},"end":{"line":39,"column":40}},"loc":{"start":{"line":39,"column":50},"end":{"line":52,"column":5}},"line":39},"4":{"name":"(anonymous_4)","decl":{"start":{"line":44,"column":30},"end":{"line":44,"column":31}},"loc":{"start":{"line":44,"column":41},"end":{"line":51,"column":9}},"line":44},"5":{"name":"(anonymous_5)","decl":{"start":{"line":54,"column":66},"end":{"line":54,"column":67}},"loc":{"start":{"line":54,"column":77},"end":{"line":66,"column":5}},"line":54},"6":{"name":"(anonymous_6)","decl":{"start":{"line":69,"column":66},"end":{"line":69,"column":67}},"loc":{"start":{"line":69,"column":77},"end":{"line":81,"column":5}},"line":69},"7":{"name":"(anonymous_7)","decl":{"start":{"line":84,"column":98},"end":{"line":84,"column":99}},"loc":{"start":{"line":84,"column":104},"end":{"line":116,"column":5}},"line":84},"8":{"name":"(anonymous_8)","decl":{"start":{"line":86,"column":15},"end":{"line":86,"column":16}},"loc":{"start":{"line":86,"column":21},"end":{"line":86,"column":35}},"line":86},"9":{"name":"(anonymous_9)","decl":{"start":{"line":87,"column":15},"end":{"line":87,"column":16}},"loc":{"start":{"line":87,"column":21},"end":{"line":87,"column":38}},"line":87},"10":{"name":"(anonymous_10)","decl":{"start":{"line":88,"column":15},"end":{"line":88,"column":16}},"loc":{"start":{"line":88,"column":21},"end":{"line":88,"column":36}},"line":88},"11":{"name":"(anonymous_11)","decl":{"start":{"line":89,"column":15},"end":{"line":89,"column":16}},"loc":{"start":{"line":89,"column":21},"end":{"line":89,"column":36}},"line":89},"12":{"name":"(anonymous_12)","decl":{"start":{"line":90,"column":15},"end":{"line":90,"column":16}},"loc":{"start":{"line":90,"column":21},"end":{"line":90,"column":43}},"line":90},"13":{"name":"(anonymous_13)","decl":{"start":{"line":91,"column":15},"end":{"line":91,"column":16}},"loc":{"start":{"line":91,"column":21},"end":{"line":91,"column":38}},"line":91},"14":{"name":"(anonymous_14)","decl":{"start":{"line":92,"column":15},"end":{"line":92,"column":16}},"loc":{"start":{"line":92,"column":21},"end":{"line":92,"column":36}},"line":92},"15":{"name":"(anonymous_15)","decl":{"start":{"line":93,"column":15},"end":{"line":93,"column":16}},"loc":{"start":{"line":93,"column":21},"end":{"line":93,"column":41}},"line":93},"16":{"name":"(anonymous_16)","decl":{"start":{"line":96,"column":15},"end":{"line":96,"column":16}},"loc":{"start":{"line":96,"column":21},"end":{"line":96,"column":43}},"line":96},"17":{"name":"(anonymous_17)","decl":{"start":{"line":97,"column":15},"end":{"line":97,"column":16}},"loc":{"start":{"line":97,"column":21},"end":{"line":97,"column":46}},"line":97},"18":{"name":"(anonymous_18)","decl":{"start":{"line":98,"column":15},"end":{"line":98,"column":16}},"loc":{"start":{"line":98,"column":21},"end":{"line":98,"column":44}},"line":98},"19":{"name":"(anonymous_19)","decl":{"start":{"line":99,"column":15},"end":{"line":99,"column":16}},"loc":{"start":{"line":99,"column":21},"end":{"line":99,"column":44}},"line":99},"20":{"name":"(anonymous_20)","decl":{"start":{"line":100,"column":15},"end":{"line":100,"column":16}},"loc":{"start":{"line":100,"column":21},"end":{"line":100,"column":51}},"line":100},"21":{"name":"(anonymous_21)","decl":{"start":{"line":101,"column":15},"end":{"line":101,"column":16}},"loc":{"start":{"line":101,"column":21},"end":{"line":101,"column":46}},"line":101},"22":{"name":"(anonymous_22)","decl":{"start":{"line":102,"column":15},"end":{"line":102,"column":16}},"loc":{"start":{"line":102,"column":21},"end":{"line":102,"column":44}},"line":102},"23":{"name":"(anonymous_23)","decl":{"start":{"line":103,"column":15},"end":{"line":103,"column":16}},"loc":{"start":{"line":103,"column":21},"end":{"line":103,"column":49}},"line":103},"24":{"name":"(anonymous_24)","decl":{"start":{"line":107,"column":15},"end":{"line":107,"column":16}},"loc":{"start":{"line":107,"column":21},"end":{"line":107,"column":48}},"line":107},"25":{"name":"(anonymous_25)","decl":{"start":{"line":108,"column":15},"end":{"line":108,"column":16}},"loc":{"start":{"line":108,"column":21},"end":{"line":108,"column":51}},"line":108},"26":{"name":"(anonymous_26)","decl":{"start":{"line":109,"column":15},"end":{"line":109,"column":16}},"loc":{"start":{"line":109,"column":21},"end":{"line":109,"column":49}},"line":109},"27":{"name":"(anonymous_27)","decl":{"start":{"line":110,"column":15},"end":{"line":110,"column":16}},"loc":{"start":{"line":110,"column":21},"end":{"line":110,"column":49}},"line":110},"28":{"name":"(anonymous_28)","decl":{"start":{"line":111,"column":15},"end":{"line":111,"column":16}},"loc":{"start":{"line":111,"column":21},"end":{"line":111,"column":56}},"line":111},"29":{"name":"(anonymous_29)","decl":{"start":{"line":112,"column":15},"end":{"line":112,"column":16}},"loc":{"start":{"line":112,"column":21},"end":{"line":112,"column":51}},"line":112},"30":{"name":"(anonymous_30)","decl":{"start":{"line":113,"column":15},"end":{"line":113,"column":16}},"loc":{"start":{"line":113,"column":21},"end":{"line":113,"column":49}},"line":113},"31":{"name":"(anonymous_31)","decl":{"start":{"line":114,"column":15},"end":{"line":114,"column":16}},"loc":{"start":{"line":114,"column":21},"end":{"line":114,"column":54}},"line":114},"32":{"name":"(anonymous_32)","decl":{"start":{"line":119,"column":10},"end":{"line":119,"column":11}},"loc":{"start":{"line":119,"column":16},"end":{"line":119,"column":93}},"line":119}},"branchMap":{"0":{"loc":{"start":{"line":45,"column":12},"end":{"line":50,"column":13}},"type":"if","locations":[{"start":{"line":45,"column":12},"end":{"line":50,"column":13}},{"start":{"line":45,"column":12},"end":{"line":50,"column":13}}],"line":45}},"s":{"0":1,"1":1,"2":1,"3":1,"4":1,"5":1,"6":1,"7":1,"8":1,"9":1,"10":1,"11":4,"12":4,"13":4,"14":4,"15":4,"16":4,"17":4,"18":4,"19":4,"20":4,"21":4,"22":4,"23":4,"24":4,"25":4,"26":1,"27":1,"28":1,"29":1,"30":1,"31":1,"32":1,"33":1,"34":1,"35":1,"36":1,"37":1,"38":1,"39":0,"40":1,"41":1,"42":1,"43":1,"44":1,"45":1,"46":1,"47":0,"48":1,"49":1,"50":1,"51":1,"52":1,"53":1,"54":1,"55":1,"56":1,"57":1,"58":1,"59":1,"60":1,"61":1,"62":1,"63":1,"64":1,"65":1,"66":1,"67":1,"68":1,"69":1,"70":1,"71":1,"72":1,"73":1,"74":1,"75":1,"76":1,"77":1,"78":1,"79":1,"80":1,"81":1,"82":1,"83":1,"84":1,"85":1,"86":1,"87":1,"88":1,"89":1,"90":1,"91":1,"92":1,"93":1,"94":1,"95":1,"96":1,"97":1,"98":1,"99":1,"100":1,"101":1},"f":{"0":1,"1":1,"2":4,"3":1,"4":1,"5":1,"6":1,"7":1,"8":1,"9":1,"10":1,"11":1,"12":1,"13":1,"14":1,"15":1,"16":1,"17":1,"18":1,"19":1,"20":1,"21":1,"22":1,"23":1,"24":1,"25":1,"26":1,"27":1,"28":1,"29":1,"30":1,"31":1,"32":1},"b":{"0":[1,0]},"_coverageSchema":"43e27e138ebf9cfc5966b082cf9a028302ed4184","hash":"1a6fc4eaff25bd2abeec78e98859f0b65e7373f8","contentHash":"a52ebff921e68e5bff758e7de77ca0a64ed30a94e176c3fe0141b4698726d6c2"},"/Users/LukaBontempi/bootcamp/collab/skylab-bootcamp-201909/staff/luka-bontempi/affinity/affinity-api/logic/send-message/index.js":{"path":"/Users/LukaBontempi/bootcamp/collab/skylab-bootcamp-201909/staff/luka-bontempi/affinity/affinity-api/logic/send-message/index.js","statementMap":{"0":{"start":{"line":1,"column":54},"end":{"line":1,"column":78}},"1":{"start":{"line":2,"column":62},"end":{"line":2,"column":86}},"2":{"start":{"line":5,"column":0},"end":{"line":35,"column":1}},"3":{"start":{"line":6,"column":4},"end":{"line":6,"column":27}},"4":{"start":{"line":7,"column":4},"end":{"line":7,"column":45}},"5":{"start":{"line":8,"column":4},"end":{"line":8,"column":88}},"6":{"start":{"line":8,"column":35},"end":{"line":8,"column":88}},"7":{"start":{"line":10,"column":4},"end":{"line":10,"column":27}},"8":{"start":{"line":11,"column":4},"end":{"line":11,"column":45}},"9":{"start":{"line":12,"column":4},"end":{"line":12,"column":88}},"10":{"start":{"line":12,"column":35},"end":{"line":12,"column":88}},"11":{"start":{"line":14,"column":4},"end":{"line":14,"column":25}},"12":{"start":{"line":15,"column":4},"end":{"line":15,"column":41}},"13":{"start":{"line":18,"column":4},"end":{"line":34,"column":8}},"14":{"start":{"line":20,"column":21},"end":{"line":20,"column":48}},"15":{"start":{"line":21,"column":8},"end":{"line":21,"column":78}},"16":{"start":{"line":21,"column":19},"end":{"line":21,"column":78}},"17":{"start":{"line":23,"column":21},"end":{"line":23,"column":48}},"18":{"start":{"line":24,"column":8},"end":{"line":24,"column":78}},"19":{"start":{"line":24,"column":19},"end":{"line":24,"column":78}},"20":{"start":{"line":26,"column":24},"end":{"line":26,"column":75}},"21":{"start":{"line":27,"column":8},"end":{"line":27,"column":35}},"22":{"start":{"line":28,"column":8},"end":{"line":28,"column":25}},"23":{"start":{"line":30,"column":8},"end":{"line":30,"column":25}}},"fnMap":{"0":{"name":"(anonymous_0)","decl":{"start":{"line":5,"column":17},"end":{"line":5,"column":18}},"loc":{"start":{"line":5,"column":48},"end":{"line":35,"column":1}},"line":5},"1":{"name":"(anonymous_1)","decl":{"start":{"line":18,"column":12},"end":{"line":18,"column":13}},"loc":{"start":{"line":18,"column":23},"end":{"line":34,"column":5}},"line":18}},"branchMap":{"0":{"loc":{"start":{"line":8,"column":4},"end":{"line":8,"column":88}},"type":"if","locations":[{"start":{"line":8,"column":4},"end":{"line":8,"column":88}},{"start":{"line":8,"column":4},"end":{"line":8,"column":88}}],"line":8},"1":{"loc":{"start":{"line":12,"column":4},"end":{"line":12,"column":88}},"type":"if","locations":[{"start":{"line":12,"column":4},"end":{"line":12,"column":88}},{"start":{"line":12,"column":4},"end":{"line":12,"column":88}}],"line":12},"2":{"loc":{"start":{"line":21,"column":8},"end":{"line":21,"column":78}},"type":"if","locations":[{"start":{"line":21,"column":8},"end":{"line":21,"column":78}},{"start":{"line":21,"column":8},"end":{"line":21,"column":78}}],"line":21},"3":{"loc":{"start":{"line":24,"column":8},"end":{"line":24,"column":78}},"type":"if","locations":[{"start":{"line":24,"column":8},"end":{"line":24,"column":78}},{"start":{"line":24,"column":8},"end":{"line":24,"column":78}}],"line":24}},"s":{"0":1,"1":1,"2":1,"3":27,"4":21,"5":19,"6":0,"7":19,"8":13,"9":11,"10":0,"11":11,"12":5,"13":3,"14":3,"15":3,"16":1,"17":2,"18":2,"19":1,"20":1,"21":1,"22":1,"23":1},"f":{"0":27,"1":3},"b":{"0":[0,19],"1":[0,11],"2":[1,2],"3":[1,1]},"_coverageSchema":"43e27e138ebf9cfc5966b082cf9a028302ed4184","hash":"f841d7f6efe72fb616c1e207c4014870ca2140bc","contentHash":"1e0045717e4d6642acedb0436ae7fb6a312b7b1757aec6a58a6828a73c24738f"},"/Users/LukaBontempi/bootcamp/collab/skylab-bootcamp-201909/staff/luka-bontempi/affinity/affinity-api/logic/update-location/index.spec.js":{"path":"/Users/LukaBontempi/bootcamp/collab/skylab-bootcamp-201909/staff/luka-bontempi/affinity/affinity-api/logic/update-location/index.spec.js","statementMap":{"0":{"start":{"line":1,"column":0},"end":{"line":1,"column":26}},"1":{"start":{"line":2,"column":33},"end":{"line":2,"column":40}},"2":{"start":{"line":3,"column":19},"end":{"line":3,"column":34}},"3":{"start":{"line":4,"column":23},"end":{"line":4,"column":35}},"4":{"start":{"line":5,"column":19},"end":{"line":5,"column":23}},"5":{"start":{"line":6,"column":95},"end":{"line":6,"column":119}},"6":{"start":{"line":7,"column":49},"end":{"line":7,"column":73}},"7":{"start":{"line":9,"column":0},"end":{"line":9,"column":13}},"8":{"start":{"line":11,"column":0},"end":{"line":61,"column":2}},"9":{"start":{"line":12,"column":4},"end":{"line":12,"column":47}},"10":{"start":{"line":12,"column":17},"end":{"line":12,"column":46}},"11":{"start":{"line":18,"column":4},"end":{"line":34,"column":6}},"12":{"start":{"line":19,"column":8},"end":{"line":19,"column":33}},"13":{"start":{"line":20,"column":8},"end":{"line":20,"column":39}},"14":{"start":{"line":21,"column":8},"end":{"line":21,"column":44}},"15":{"start":{"line":22,"column":8},"end":{"line":22,"column":41}},"16":{"start":{"line":23,"column":8},"end":{"line":23,"column":41}},"17":{"start":{"line":24,"column":8},"end":{"line":24,"column":41}},"18":{"start":{"line":25,"column":8},"end":{"line":25,"column":119}},"19":{"start":{"line":26,"column":8},"end":{"line":26,"column":47}},"20":{"start":{"line":27,"column":8},"end":{"line":27,"column":28}},"21":{"start":{"line":29,"column":8},"end":{"line":29,"column":31}},"22":{"start":{"line":31,"column":21},"end":{"line":31,"column":129}},"23":{"start":{"line":33,"column":8},"end":{"line":33,"column":20}},"24":{"start":{"line":36,"column":4},"end":{"line":57,"column":6}},"25":{"start":{"line":37,"column":8},"end":{"line":37,"column":16}},"26":{"start":{"line":39,"column":28},"end":{"line":39,"column":34}},"27":{"start":{"line":41,"column":25},"end":{"line":41,"column":62}},"28":{"start":{"line":43,"column":8},"end":{"line":43,"column":37}},"29":{"start":{"line":45,"column":21},"end":{"line":45,"column":44}},"30":{"start":{"line":49,"column":8},"end":{"line":49,"column":38}},"31":{"start":{"line":50,"column":8},"end":{"line":50,"column":48}},"32":{"start":{"line":51,"column":8},"end":{"line":51,"column":68}},"33":{"start":{"line":55,"column":8},"end":{"line":55,"column":40}},"34":{"start":{"line":56,"column":8},"end":{"line":56,"column":57}},"35":{"start":{"line":60,"column":4},"end":{"line":60,"column":94}},"36":{"start":{"line":60,"column":16},"end":{"line":60,"column":93}}},"fnMap":{"0":{"name":"(anonymous_0)","decl":{"start":{"line":11,"column":36},"end":{"line":11,"column":37}},"loc":{"start":{"line":11,"column":42},"end":{"line":61,"column":1}},"line":11},"1":{"name":"(anonymous_1)","decl":{"start":{"line":12,"column":11},"end":{"line":12,"column":12}},"loc":{"start":{"line":12,"column":17},"end":{"line":12,"column":46}},"line":12},"2":{"name":"(anonymous_2)","decl":{"start":{"line":18,"column":16},"end":{"line":18,"column":17}},"loc":{"start":{"line":18,"column":27},"end":{"line":34,"column":5}},"line":18},"3":{"name":"(anonymous_3)","decl":{"start":{"line":36,"column":59},"end":{"line":36,"column":60}},"loc":{"start":{"line":36,"column":71},"end":{"line":57,"column":5}},"line":36},"4":{"name":"(anonymous_4)","decl":{"start":{"line":60,"column":10},"end":{"line":60,"column":11}},"loc":{"start":{"line":60,"column":16},"end":{"line":60,"column":93}},"line":60}},"branchMap":{},"s":{"0":1,"1":1,"2":1,"3":1,"4":1,"5":1,"6":1,"7":1,"8":1,"9":1,"10":1,"11":1,"12":1,"13":1,"14":1,"15":1,"16":1,"17":1,"18":1,"19":1,"20":1,"21":1,"22":1,"23":1,"24":1,"25":1,"26":1,"27":1,"28":1,"29":1,"30":1,"31":1,"32":1,"33":1,"34":1,"35":1,"36":1},"f":{"0":1,"1":1,"2":1,"3":1,"4":1},"b":{},"_coverageSchema":"43e27e138ebf9cfc5966b082cf9a028302ed4184","hash":"bd534dbfd3f874b32bb3c7c5fdd2838228247e40","contentHash":"3b232243f89dd0e8cbdffe71b22127f725789e8e19de85204ff75b39f4a05cd8"},"/Users/LukaBontempi/bootcamp/collab/skylab-bootcamp-201909/staff/luka-bontempi/affinity/affinity-api/logic/update-location/index.js":{"path":"/Users/LukaBontempi/bootcamp/collab/skylab-bootcamp-201909/staff/luka-bontempi/affinity/affinity-api/logic/update-location/index.js","statementMap":{"0":{"start":{"line":1,"column":63},"end":{"line":1,"column":87}},"1":{"start":{"line":2,"column":39},"end":{"line":2,"column":63}},"2":{"start":{"line":4,"column":0},"end":{"line":33,"column":1}},"3":{"start":{"line":5,"column":4},"end":{"line":5,"column":23}},"4":{"start":{"line":6,"column":4},"end":{"line":6,"column":37}},"5":{"start":{"line":7,"column":4},"end":{"line":7,"column":77}},"6":{"start":{"line":7,"column":31},"end":{"line":7,"column":77}},"7":{"start":{"line":9,"column":4},"end":{"line":11,"column":5}},"8":{"start":{"line":10,"column":8},"end":{"line":10,"column":35}},"9":{"start":{"line":14,"column":4},"end":{"line":32,"column":8}},"10":{"start":{"line":15,"column":21},"end":{"line":15,"column":44}},"11":{"start":{"line":16,"column":8},"end":{"line":16,"column":71}},"12":{"start":{"line":16,"column":19},"end":{"line":16,"column":71}},"13":{"start":{"line":18,"column":23},"end":{"line":23,"column":9}},"14":{"start":{"line":27,"column":8},"end":{"line":27,"column":66}},"15":{"start":{"line":29,"column":8},"end":{"line":29,"column":37}},"16":{"start":{"line":31,"column":8},"end":{"line":31,"column":69}}},"fnMap":{"0":{"name":"(anonymous_0)","decl":{"start":{"line":4,"column":17},"end":{"line":4,"column":18}},"loc":{"start":{"line":4,"column":44},"end":{"line":33,"column":1}},"line":4},"1":{"name":"(anonymous_1)","decl":{"start":{"line":14,"column":12},"end":{"line":14,"column":13}},"loc":{"start":{"line":14,"column":24},"end":{"line":32,"column":5}},"line":14}},"branchMap":{"0":{"loc":{"start":{"line":7,"column":4},"end":{"line":7,"column":77}},"type":"if","locations":[{"start":{"line":7,"column":4},"end":{"line":7,"column":77}},{"start":{"line":7,"column":4},"end":{"line":7,"column":77}}],"line":7},"1":{"loc":{"start":{"line":9,"column":4},"end":{"line":11,"column":5}},"type":"if","locations":[{"start":{"line":9,"column":4},"end":{"line":11,"column":5}},{"start":{"line":9,"column":4},"end":{"line":11,"column":5}}],"line":9},"2":{"loc":{"start":{"line":16,"column":8},"end":{"line":16,"column":71}},"type":"if","locations":[{"start":{"line":16,"column":8},"end":{"line":16,"column":71}},{"start":{"line":16,"column":8},"end":{"line":16,"column":71}}],"line":16},"3":{"loc":{"start":{"line":27,"column":8},"end":{"line":27,"column":66}},"type":"binary-expr","locations":[{"start":{"line":27,"column":8},"end":{"line":27,"column":19}},{"start":{"line":27,"column":24},"end":{"line":27,"column":65}}],"line":27}},"s":{"0":1,"1":1,"2":1,"3":1,"4":1,"5":1,"6":0,"7":1,"8":1,"9":1,"10":1,"11":1,"12":0,"13":1,"14":1,"15":1,"16":1},"f":{"0":1,"1":1},"b":{"0":[0,1],"1":[1,0],"2":[0,1],"3":[1,1]},"_coverageSchema":"43e27e138ebf9cfc5966b082cf9a028302ed4184","hash":"3706f5c65bd8d4eecb9fdba4ee624a3df7f75863","contentHash":"85415ceacded2d227d92f55c54d337cd9dce110b6d451acc67459f680ee7c5c3"}}